2017-03-21 01:00:51.331  INFO 17181 --- [restartedMain] com.gc.gcweb.MainApplication             : Starting MainApplication on WS000NBLX03 with PID 17181 (/home/upwork/grocerycop/grocerycop-website-3.1/target/classes started by jean in /home/upwork/grocerycop)
2017-03-21 01:00:51.333  INFO 17181 --- [restartedMain] com.gc.gcweb.MainApplication             : No active profile set, falling back to default profiles: default
2017-03-21 01:00:51.514  INFO 17181 --- [restartedMain] ationConfigEmbeddedWebApplicationContext : Refreshing org.springframework.boot.context.embedded.AnnotationConfigEmbeddedWebApplicationContext@487f0a99: startup date [Tue Mar 21 01:00:51 BRT 2017]; root of context hierarchy
2017-03-21 01:00:54.709  INFO 17181 --- [restartedMain] .s.d.r.c.RepositoryConfigurationDelegate : Multiple Spring Data modules found, entering strict repository configuration mode!
2017-03-21 01:00:54.872  INFO 17181 --- [restartedMain] .RepositoryConfigurationExtensionSupport : Spring Data JPA - Could not safely identify store assignment for repository candidate interface com.gc.gcweb.repositories.es.ProductEsRepository.
2017-03-21 01:00:54.985  INFO 17181 --- [restartedMain] .s.d.r.c.RepositoryConfigurationDelegate : Multiple Spring Data modules found, entering strict repository configuration mode!
2017-03-21 01:00:55.454  INFO 17181 --- [restartedMain] o.s.b.f.s.DefaultListableBeanFactory     : Overriding bean definition for bean 'elasticsearchTemplate' with a different definition: replacing [Root bean: class [null]; scope=; abstract=false; lazyInit=false; autowireMode=3; dependencyCheck=0; autowireCandidate=true; primary=false; factoryBeanName=elasticsearchConfig; factoryMethodName=elasticsearchTemplate; initMethodName=null; destroyMethodName=(inferred); defined in class path resource [com/gc/gcweb/config/ElasticsearchConfig.class]] with [Root bean: class [null]; scope=; abstract=false; lazyInit=false; autowireMode=3; dependencyCheck=0; autowireCandidate=true; primary=false; factoryBeanName=org.springframework.boot.autoconfigure.data.elasticsearch.ElasticsearchDataAutoConfiguration; factoryMethodName=elasticsearchTemplate; initMethodName=null; destroyMethodName=(inferred); defined in class path resource [org/springframework/boot/autoconfigure/data/elasticsearch/ElasticsearchDataAutoConfiguration.class]]
2017-03-21 01:00:56.388  INFO 17181 --- [restartedMain] trationDelegate$BeanPostProcessorChecker : Bean 'appConfig' of type [com.gc.gcweb.config.AppConfig$$EnhancerBySpringCGLIB$$90cd62f5] is not eligible for getting processed by all BeanPostProcessors (for example: not eligible for auto-proxying)
2017-03-21 01:00:56.399  INFO 17181 --- [restartedMain] o.s.s.concurrent.ThreadPoolTaskExecutor  : Initializing ExecutorService 
2017-03-21 01:00:56.685  INFO 17181 --- [restartedMain] trationDelegate$BeanPostProcessorChecker : Bean 'org.springframework.transaction.annotation.ProxyTransactionManagementConfiguration' of type [org.springframework.transaction.annotation.ProxyTransactionManagementConfiguration$$EnhancerBySpringCGLIB$$485660fe] is not eligible for getting processed by all BeanPostProcessors (for example: not eligible for auto-proxying)
2017-03-21 01:00:57.386  INFO 17181 --- [restartedMain] org.eclipse.jetty.util.log               : Logging initialized @9174ms
2017-03-21 01:00:57.690  INFO 17181 --- [restartedMain] e.j.JettyEmbeddedServletContainerFactory : Server initialized with port: 8080
2017-03-21 01:00:57.694  INFO 17181 --- [restartedMain] org.eclipse.jetty.server.Server          : jetty-9.3.16.v20170120
2017-03-21 01:00:57.828  INFO 17181 --- [restartedMain] application                              : Initializing Spring embedded WebApplicationContext
2017-03-21 01:00:57.830  INFO 17181 --- [restartedMain] o.s.web.context.ContextLoader            : Root WebApplicationContext: initialization completed in 6321 ms
2017-03-21 01:00:58.590  INFO 17181 --- [restartedMain] o.s.b.w.servlet.FilterRegistrationBean   : Mapping filter: 'gcCorsFilter' to: [/*]
2017-03-21 01:00:58.591  INFO 17181 --- [restartedMain] o.s.b.w.servlet.FilterRegistrationBean   : Mapping filter: 'metricsFilter' to: [/*]
2017-03-21 01:00:58.592  INFO 17181 --- [restartedMain] o.s.b.w.servlet.FilterRegistrationBean   : Mapping filter: 'characterEncodingFilter' to: [/*]
2017-03-21 01:00:58.594  INFO 17181 --- [restartedMain] .s.DelegatingFilterProxyRegistrationBean : Mapping filter: 'springSecurityFilterChain' to: [/*]
2017-03-21 01:00:58.595  INFO 17181 --- [restartedMain] o.s.b.w.servlet.FilterRegistrationBean   : Mapping filter: 'jsonToUrlEncodedAuthenticationFilter' to: [/*]
2017-03-21 01:00:58.595  INFO 17181 --- [restartedMain] o.s.b.w.servlet.FilterRegistrationBean   : Mapping filter: 'webRequestLoggingFilter' to: [/*]
2017-03-21 01:00:58.595  INFO 17181 --- [restartedMain] o.s.b.w.servlet.FilterRegistrationBean   : Mapping filter: 'applicationContextIdFilter' to: [/*]
2017-03-21 01:00:58.596  INFO 17181 --- [restartedMain] o.s.b.w.servlet.ServletRegistrationBean  : Mapping servlet: 'dispatcherServlet' to [/]
2017-03-21 01:00:58.599  INFO 17181 --- [restartedMain] o.s.b.w.servlet.ServletRegistrationBean  : Mapping servlet: 'webServlet' to [/h2-console/*]
2017-03-21 01:00:59.104  INFO 17181 --- [restartedMain] o.e.jetty.server.handler.ContextHandler  : Started o.s.b.c.e.j.JettyEmbeddedWebAppContext@39a44dcd{/,[file:///tmp/jetty-docbase.8892291255673425365.8080/],AVAILABLE}
2017-03-21 01:00:59.105  INFO 17181 --- [restartedMain] org.eclipse.jetty.server.Server          : Started @10893ms
2017-03-21 01:00:59.744  INFO 17181 --- [restartedMain] j.LocalContainerEntityManagerFactoryBean : Building JPA container EntityManagerFactory for persistence unit 'default'
2017-03-21 01:00:59.772  INFO 17181 --- [restartedMain] o.hibernate.jpa.internal.util.LogHelper  : HHH000204: Processing PersistenceUnitInfo [
	name: default
	...]
2017-03-21 01:00:59.898  INFO 17181 --- [restartedMain] org.hibernate.Version                    : HHH000412: Hibernate Core {5.0.12.Final}
2017-03-21 01:00:59.900  INFO 17181 --- [restartedMain] org.hibernate.cfg.Environment            : HHH000206: hibernate.properties not found
2017-03-21 01:00:59.903  INFO 17181 --- [restartedMain] org.hibernate.cfg.Environment            : HHH000021: Bytecode provider name : javassist
2017-03-21 01:00:59.985  INFO 17181 --- [restartedMain] o.hibernate.annotations.common.Version   : HCANN000001: Hibernate Commons Annotations {5.0.1.Final}
2017-03-21 01:01:00.417  INFO 17181 --- [restartedMain] org.hibernate.dialect.Dialect            : HHH000400: Using dialect: org.hibernate.dialect.H2Dialect
2017-03-21 01:01:01.767  INFO 17181 --- [restartedMain] org.hibernate.tool.hbm2ddl.SchemaExport  : HHH000227: Running hbm2ddl schema export
2017-03-21 01:01:01.842  INFO 17181 --- [restartedMain] org.hibernate.tool.hbm2ddl.SchemaExport  : HHH000476: Executing import script '/import.sql'
2017-03-21 01:01:01.843  INFO 17181 --- [restartedMain] org.hibernate.tool.hbm2ddl.SchemaExport  : HHH000230: Schema export complete
2017-03-21 01:01:01.928  INFO 17181 --- [restartedMain] j.LocalContainerEntityManagerFactoryBean : Initialized JPA EntityManagerFactory for persistence unit 'default'
2017-03-21 01:01:03.146  INFO 17181 --- [restartedMain] o.h.h.i.QueryTranslatorFactoryInitiator  : HHH000397: Using ASTQueryTranslatorFactory
2017-03-21 01:01:03.816  INFO 17181 --- [restartedMain] o.s.w.s.v.f.FreeMarkerConfigurer         : ClassTemplateLoader for Spring macros added to FreeMarker configuration
2017-03-21 01:01:03.869 ERROR 17181 --- [restartedMain] c.g.gcweb.services.AwsSesEmailerService  : awsAccessKey and awsSecretKey
2017-03-21 01:01:04.307  INFO 17181 --- [restartedMain] org.elasticsearch.node                   : [Wendigo] version[2.4.4], pid[17181], build[fcbb46d/2017-01-03T11:33:16Z]
2017-03-21 01:01:04.307  INFO 17181 --- [restartedMain] org.elasticsearch.node                   : [Wendigo] initializing ...
2017-03-21 01:01:04.313  INFO 17181 --- [restartedMain] org.elasticsearch.plugins                : [Wendigo] modules [], plugins [], sites []
2017-03-21 01:01:04.349  INFO 17181 --- [restartedMain] org.elasticsearch.env                    : [Wendigo] using [1] data paths, mounts [[/home (/dev/sda4)]], net usable_space [15.2gb], net total_space [53gb], spins? [no], types [ext4]
2017-03-21 01:01:04.349  INFO 17181 --- [restartedMain] org.elasticsearch.env                    : [Wendigo] heap size [1.2gb], compressed ordinary object pointers [true]
2017-03-21 01:01:04.351  WARN 17181 --- [restartedMain] org.elasticsearch.env                    : [Wendigo] max file descriptors [4096] for elasticsearch process likely too low, consider increasing to at least [65536]
2017-03-21 01:01:06.154  WARN 17181 --- [restartedMain] org.elasticsearch.bootstrap              : JNA not found. native methods will be disabled.

java.lang.ClassNotFoundException: com.sun.jna.Native
	at java.net.URLClassLoader.findClass(URLClassLoader.java:381) ~[na:1.8.0_121]
	at java.lang.ClassLoader.loadClass(ClassLoader.java:424) ~[na:1.8.0_121]
	at sun.misc.Launcher$AppClassLoader.loadClass(Launcher.java:331) ~[na:1.8.0_121]
	at java.lang.ClassLoader.loadClass(ClassLoader.java:357) ~[na:1.8.0_121]
	at java.lang.Class.forName0(Native Method) ~[na:1.8.0_121]
	at java.lang.Class.forName(Class.java:264) ~[na:1.8.0_121]
	at org.elasticsearch.bootstrap.Natives.<clinit>(Natives.java:45) ~[elasticsearch-2.4.4.jar:2.4.4]
	at org.elasticsearch.bootstrap.BootstrapInfo.isMemoryLocked(BootstrapInfo.java:44) [elasticsearch-2.4.4.jar:2.4.4]
	at org.elasticsearch.monitor.process.ProcessProbe.processInfo(ProcessProbe.java:130) [elasticsearch-2.4.4.jar:2.4.4]
	at org.elasticsearch.monitor.process.ProcessService.<init>(ProcessService.java:44) [elasticsearch-2.4.4.jar:2.4.4]
	at sun.reflect.NativeConstructorAccessorImpl.newInstance0(Native Method) [na:1.8.0_121]
	at sun.reflect.NativeConstructorAccessorImpl.newInstance(NativeConstructorAccessorImpl.java:62) [na:1.8.0_121]
	at sun.reflect.DelegatingConstructorAccessorImpl.newInstance(DelegatingConstructorAccessorImpl.java:45) [na:1.8.0_121]
	at java.lang.reflect.Constructor.newInstance(Constructor.java:423) [na:1.8.0_121]
	at org.elasticsearch.common.inject.DefaultConstructionProxyFactory$1.newInstance(DefaultConstructionProxyFactory.java:50) [elasticsearch-2.4.4.jar:2.4.4]
	at org.elasticsearch.common.inject.ConstructorInjector.construct(ConstructorInjector.java:86) [elasticsearch-2.4.4.jar:2.4.4]
	at org.elasticsearch.common.inject.ConstructorBindingImpl$Factory.get(ConstructorBindingImpl.java:104) [elasticsearch-2.4.4.jar:2.4.4]
	at org.elasticsearch.common.inject.ProviderToInternalFactoryAdapter$1.call(ProviderToInternalFactoryAdapter.java:47) [elasticsearch-2.4.4.jar:2.4.4]
	at org.elasticsearch.common.inject.InjectorImpl.callInContext(InjectorImpl.java:886) [elasticsearch-2.4.4.jar:2.4.4]
	at org.elasticsearch.common.inject.ProviderToInternalFactoryAdapter.get(ProviderToInternalFactoryAdapter.java:43) [elasticsearch-2.4.4.jar:2.4.4]
	at org.elasticsearch.common.inject.Scopes$1$1.get(Scopes.java:59) [elasticsearch-2.4.4.jar:2.4.4]
	at org.elasticsearch.common.inject.InternalFactoryToProviderAdapter.get(InternalFactoryToProviderAdapter.java:46) [elasticsearch-2.4.4.jar:2.4.4]
	at org.elasticsearch.common.inject.SingleParameterInjector.inject(SingleParameterInjector.java:42) [elasticsearch-2.4.4.jar:2.4.4]
	at org.elasticsearch.common.inject.SingleParameterInjector.getAll(SingleParameterInjector.java:66) [elasticsearch-2.4.4.jar:2.4.4]
	at org.elasticsearch.common.inject.ConstructorInjector.construct(ConstructorInjector.java:85) [elasticsearch-2.4.4.jar:2.4.4]
	at org.elasticsearch.common.inject.ConstructorBindingImpl$Factory.get(ConstructorBindingImpl.java:104) [elasticsearch-2.4.4.jar:2.4.4]
	at org.elasticsearch.common.inject.SingleParameterInjector.inject(SingleParameterInjector.java:42) [elasticsearch-2.4.4.jar:2.4.4]
	at org.elasticsearch.common.inject.SingleParameterInjector.getAll(SingleParameterInjector.java:66) [elasticsearch-2.4.4.jar:2.4.4]
	at org.elasticsearch.common.inject.ConstructorInjector.construct(ConstructorInjector.java:85) [elasticsearch-2.4.4.jar:2.4.4]
	at org.elasticsearch.common.inject.ConstructorBindingImpl$Factory.get(ConstructorBindingImpl.java:104) [elasticsearch-2.4.4.jar:2.4.4]
	at org.elasticsearch.common.inject.ProviderToInternalFactoryAdapter$1.call(ProviderToInternalFactoryAdapter.java:47) [elasticsearch-2.4.4.jar:2.4.4]
	at org.elasticsearch.common.inject.InjectorImpl.callInContext(InjectorImpl.java:886) [elasticsearch-2.4.4.jar:2.4.4]
	at org.elasticsearch.common.inject.ProviderToInternalFactoryAdapter.get(ProviderToInternalFactoryAdapter.java:43) [elasticsearch-2.4.4.jar:2.4.4]
	at org.elasticsearch.common.inject.Scopes$1$1.get(Scopes.java:59) [elasticsearch-2.4.4.jar:2.4.4]
	at org.elasticsearch.common.inject.InternalFactoryToProviderAdapter.get(InternalFactoryToProviderAdapter.java:46) [elasticsearch-2.4.4.jar:2.4.4]
	at org.elasticsearch.common.inject.InjectorBuilder$1.call(InjectorBuilder.java:201) [elasticsearch-2.4.4.jar:2.4.4]
	at org.elasticsearch.common.inject.InjectorBuilder$1.call(InjectorBuilder.java:193) [elasticsearch-2.4.4.jar:2.4.4]
	at org.elasticsearch.common.inject.InjectorImpl.callInContext(InjectorImpl.java:879) [elasticsearch-2.4.4.jar:2.4.4]
	at org.elasticsearch.common.inject.InjectorBuilder.loadEagerSingletons(InjectorBuilder.java:193) [elasticsearch-2.4.4.jar:2.4.4]
	at org.elasticsearch.common.inject.InjectorBuilder.injectDynamically(InjectorBuilder.java:175) [elasticsearch-2.4.4.jar:2.4.4]
	at org.elasticsearch.common.inject.InjectorBuilder.build(InjectorBuilder.java:110) [elasticsearch-2.4.4.jar:2.4.4]
	at org.elasticsearch.common.inject.Guice.createInjector(Guice.java:93) [elasticsearch-2.4.4.jar:2.4.4]
	at org.elasticsearch.common.inject.Guice.createInjector(Guice.java:70) [elasticsearch-2.4.4.jar:2.4.4]
	at org.elasticsearch.common.inject.ModulesBuilder.createInjector(ModulesBuilder.java:46) [elasticsearch-2.4.4.jar:2.4.4]
	at org.elasticsearch.node.Node.<init>(Node.java:213) [elasticsearch-2.4.4.jar:2.4.4]
	at org.elasticsearch.node.Node.<init>(Node.java:140) [elasticsearch-2.4.4.jar:2.4.4]
	at org.elasticsearch.node.NodeBuilder.build(NodeBuilder.java:143) [elasticsearch-2.4.4.jar:2.4.4]
	at org.elasticsearch.node.NodeBuilder.node(NodeBuilder.java:150) [elasticsearch-2.4.4.jar:2.4.4]
	at org.springframework.boot.autoconfigure.data.elasticsearch.ElasticsearchAutoConfiguration.createNodeClient(ElasticsearchAutoConfiguration.java:107) [spring-boot-autoconfigure-1.4.5.RELEASE.jar:1.4.5.RELEASE]
	at org.springframework.boot.autoconfigure.data.elasticsearch.ElasticsearchAutoConfiguration.createClient(ElasticsearchAutoConfiguration.java:95) [spring-boot-autoconfigure-1.4.5.RELEASE.jar:1.4.5.RELEASE]
	at org.springframework.boot.autoconfigure.data.elasticsearch.ElasticsearchAutoConfiguration.elasticsearchClient(ElasticsearchAutoConfiguration.java:84) [spring-boot-autoconfigure-1.4.5.RELEASE.jar:1.4.5.RELEASE]
	at org.springframework.boot.autoconfigure.data.elasticsearch.ElasticsearchAutoConfiguration$$EnhancerBySpringCGLIB$$133f8236.CGLIB$elasticsearchClient$0(<generated>) [spring-boot-autoconfigure-1.4.5.RELEASE.jar:1.4.5.RELEASE]
	at org.springframework.boot.autoconfigure.data.elasticsearch.ElasticsearchAutoConfiguration$$EnhancerBySpringCGLIB$$133f8236$$FastClassBySpringCGLIB$$f11680b8.invoke(<generated>) [spring-boot-autoconfigure-1.4.5.RELEASE.jar:1.4.5.RELEASE]
	at org.springframework.cglib.proxy.MethodProxy.invokeSuper(MethodProxy.java:228) [spring-core-4.3.7.RELEASE.jar:4.3.7.RELEASE]
	at org.springframework.context.annotation.ConfigurationClassEnhancer$BeanMethodInterceptor.intercept(ConfigurationClassEnhancer.java:358) [spring-context-4.3.7.RELEASE.jar:4.3.7.RELEASE]
	at org.springframework.boot.autoconfigure.data.elasticsearch.ElasticsearchAutoConfiguration$$EnhancerBySpringCGLIB$$133f8236.elasticsearchClient(<generated>) [spring-boot-autoconfigure-1.4.5.RELEASE.jar:1.4.5.RELEASE]
	at sun.reflect.NativeMethodAccessorImpl.invoke0(Native Method) ~[na:1.8.0_121]
	at sun.reflect.NativeMethodAccessorImpl.invoke(NativeMethodAccessorImpl.java:62) ~[na:1.8.0_121]
	at sun.reflect.DelegatingMethodAccessorImpl.invoke(DelegatingMethodAccessorImpl.java:43) ~[na:1.8.0_121]
	at java.lang.reflect.Method.invoke(Method.java:498) ~[na:1.8.0_121]
	at org.springframework.beans.factory.support.SimpleInstantiationStrategy.instantiate(SimpleInstantiationStrategy.java:162) [spring-beans-4.3.7.RELEASE.jar:4.3.7.RELEASE]
	at org.springframework.beans.factory.support.ConstructorResolver.instantiateUsingFactoryMethod(ConstructorResolver.java:588) [spring-beans-4.3.7.RELEASE.jar:4.3.7.RELEASE]
	at org.springframework.beans.factory.support.AbstractAutowireCapableBeanFactory.instantiateUsingFactoryMethod(AbstractAutowireCapableBeanFactory.java:1173) [spring-beans-4.3.7.RELEASE.jar:4.3.7.RELEASE]
	at org.springframework.beans.factory.support.AbstractAutowireCapableBeanFactory.createBeanInstance(AbstractAutowireCapableBeanFactory.java:1067) [spring-beans-4.3.7.RELEASE.jar:4.3.7.RELEASE]
	at org.springframework.beans.factory.support.AbstractAutowireCapableBeanFactory.doCreateBean(AbstractAutowireCapableBeanFactory.java:513) [spring-beans-4.3.7.RELEASE.jar:4.3.7.RELEASE]
	at org.springframework.beans.factory.support.AbstractAutowireCapableBeanFactory.createBean(AbstractAutowireCapableBeanFactory.java:483) [spring-beans-4.3.7.RELEASE.jar:4.3.7.RELEASE]
	at org.springframework.beans.factory.support.AbstractBeanFactory$1.getObject(AbstractBeanFactory.java:306) [spring-beans-4.3.7.RELEASE.jar:4.3.7.RELEASE]
	at org.springframework.beans.factory.support.DefaultSingletonBeanRegistry.getSingleton(DefaultSingletonBeanRegistry.java:230) [spring-beans-4.3.7.RELEASE.jar:4.3.7.RELEASE]
	at org.springframework.beans.factory.support.AbstractBeanFactory.doGetBean(AbstractBeanFactory.java:302) [spring-beans-4.3.7.RELEASE.jar:4.3.7.RELEASE]
	at org.springframework.beans.factory.support.AbstractBeanFactory.getBean(AbstractBeanFactory.java:202) [spring-beans-4.3.7.RELEASE.jar:4.3.7.RELEASE]
	at org.springframework.beans.factory.config.DependencyDescriptor.resolveCandidate(DependencyDescriptor.java:208) [spring-beans-4.3.7.RELEASE.jar:4.3.7.RELEASE]
	at org.springframework.beans.factory.support.DefaultListableBeanFactory.doResolveDependency(DefaultListableBeanFactory.java:1138) [spring-beans-4.3.7.RELEASE.jar:4.3.7.RELEASE]
	at org.springframework.beans.factory.support.DefaultListableBeanFactory.resolveDependency(DefaultListableBeanFactory.java:1066) [spring-beans-4.3.7.RELEASE.jar:4.3.7.RELEASE]
	at org.springframework.beans.factory.support.ConstructorResolver.resolveAutowiredArgument(ConstructorResolver.java:835) [spring-beans-4.3.7.RELEASE.jar:4.3.7.RELEASE]
	at org.springframework.beans.factory.support.ConstructorResolver.createArgumentArray(ConstructorResolver.java:741) [spring-beans-4.3.7.RELEASE.jar:4.3.7.RELEASE]
	at org.springframework.beans.factory.support.ConstructorResolver.instantiateUsingFactoryMethod(ConstructorResolver.java:467) [spring-beans-4.3.7.RELEASE.jar:4.3.7.RELEASE]
	at org.springframework.beans.factory.support.AbstractAutowireCapableBeanFactory.instantiateUsingFactoryMethod(AbstractAutowireCapableBeanFactory.java:1173) [spring-beans-4.3.7.RELEASE.jar:4.3.7.RELEASE]
	at org.springframework.beans.factory.support.AbstractAutowireCapableBeanFactory.createBeanInstance(AbstractAutowireCapableBeanFactory.java:1067) [spring-beans-4.3.7.RELEASE.jar:4.3.7.RELEASE]
	at org.springframework.beans.factory.support.AbstractAutowireCapableBeanFactory.doCreateBean(AbstractAutowireCapableBeanFactory.java:513) [spring-beans-4.3.7.RELEASE.jar:4.3.7.RELEASE]
	at org.springframework.beans.factory.support.AbstractAutowireCapableBeanFactory.createBean(AbstractAutowireCapableBeanFactory.java:483) [spring-beans-4.3.7.RELEASE.jar:4.3.7.RELEASE]
	at org.springframework.beans.factory.support.AbstractBeanFactory$1.getObject(AbstractBeanFactory.java:306) [spring-beans-4.3.7.RELEASE.jar:4.3.7.RELEASE]
	at org.springframework.beans.factory.support.DefaultSingletonBeanRegistry.getSingleton(DefaultSingletonBeanRegistry.java:230) [spring-beans-4.3.7.RELEASE.jar:4.3.7.RELEASE]
	at org.springframework.beans.factory.support.AbstractBeanFactory.doGetBean(AbstractBeanFactory.java:302) [spring-beans-4.3.7.RELEASE.jar:4.3.7.RELEASE]
	at org.springframework.beans.factory.support.AbstractBeanFactory.getBean(AbstractBeanFactory.java:202) [spring-beans-4.3.7.RELEASE.jar:4.3.7.RELEASE]
	at org.springframework.beans.factory.config.DependencyDescriptor.resolveCandidate(DependencyDescriptor.java:208) [spring-beans-4.3.7.RELEASE.jar:4.3.7.RELEASE]
	at org.springframework.beans.factory.support.DefaultListableBeanFactory.doResolveDependency(DefaultListableBeanFactory.java:1138) [spring-beans-4.3.7.RELEASE.jar:4.3.7.RELEASE]
	at org.springframework.beans.factory.support.DefaultListableBeanFactory.resolveDependency(DefaultListableBeanFactory.java:1066) [spring-beans-4.3.7.RELEASE.jar:4.3.7.RELEASE]
	at org.springframework.beans.factory.annotation.AutowiredAnnotationBeanPostProcessor$AutowiredFieldElement.inject(AutowiredAnnotationBeanPostProcessor.java:585) [spring-beans-4.3.7.RELEASE.jar:4.3.7.RELEASE]
	at org.springframework.beans.factory.annotation.InjectionMetadata.inject(InjectionMetadata.java:88) [spring-beans-4.3.7.RELEASE.jar:4.3.7.RELEASE]
	at org.springframework.beans.factory.annotation.AutowiredAnnotationBeanPostProcessor.postProcessPropertyValues(AutowiredAnnotationBeanPostProcessor.java:366) [spring-beans-4.3.7.RELEASE.jar:4.3.7.RELEASE]
	at org.springframework.beans.factory.support.AbstractAutowireCapableBeanFactory.populateBean(AbstractAutowireCapableBeanFactory.java:1264) [spring-beans-4.3.7.RELEASE.jar:4.3.7.RELEASE]
	at org.springframework.beans.factory.support.AbstractAutowireCapableBeanFactory.doCreateBean(AbstractAutowireCapableBeanFactory.java:553) [spring-beans-4.3.7.RELEASE.jar:4.3.7.RELEASE]
	at org.springframework.beans.factory.support.AbstractAutowireCapableBeanFactory.createBean(AbstractAutowireCapableBeanFactory.java:483) [spring-beans-4.3.7.RELEASE.jar:4.3.7.RELEASE]
	at org.springframework.beans.factory.support.AbstractBeanFactory$1.getObject(AbstractBeanFactory.java:306) [spring-beans-4.3.7.RELEASE.jar:4.3.7.RELEASE]
	at org.springframework.beans.factory.support.DefaultSingletonBeanRegistry.getSingleton(DefaultSingletonBeanRegistry.java:230) [spring-beans-4.3.7.RELEASE.jar:4.3.7.RELEASE]
	at org.springframework.beans.factory.support.AbstractBeanFactory.doGetBean(AbstractBeanFactory.java:302) [spring-beans-4.3.7.RELEASE.jar:4.3.7.RELEASE]
	at org.springframework.beans.factory.support.AbstractBeanFactory.getBean(AbstractBeanFactory.java:197) [spring-beans-4.3.7.RELEASE.jar:4.3.7.RELEASE]
	at org.springframework.beans.factory.support.AbstractBeanFactory.doGetBean(AbstractBeanFactory.java:296) [spring-beans-4.3.7.RELEASE.jar:4.3.7.RELEASE]
	at org.springframework.beans.factory.support.AbstractBeanFactory.getBean(AbstractBeanFactory.java:202) [spring-beans-4.3.7.RELEASE.jar:4.3.7.RELEASE]
	at org.springframework.beans.factory.config.DependencyDescriptor.resolveCandidate(DependencyDescriptor.java:208) [spring-beans-4.3.7.RELEASE.jar:4.3.7.RELEASE]
	at org.springframework.beans.factory.support.DefaultListableBeanFactory.doResolveDependency(DefaultListableBeanFactory.java:1138) [spring-beans-4.3.7.RELEASE.jar:4.3.7.RELEASE]
	at org.springframework.beans.factory.support.DefaultListableBeanFactory.resolveDependency(DefaultListableBeanFactory.java:1066) [spring-beans-4.3.7.RELEASE.jar:4.3.7.RELEASE]
	at org.springframework.beans.factory.support.ConstructorResolver.resolveAutowiredArgument(ConstructorResolver.java:835) [spring-beans-4.3.7.RELEASE.jar:4.3.7.RELEASE]
	at org.springframework.beans.factory.support.ConstructorResolver.createArgumentArray(ConstructorResolver.java:741) [spring-beans-4.3.7.RELEASE.jar:4.3.7.RELEASE]
	at org.springframework.beans.factory.support.ConstructorResolver.autowireConstructor(ConstructorResolver.java:189) [spring-beans-4.3.7.RELEASE.jar:4.3.7.RELEASE]
	at org.springframework.beans.factory.support.AbstractAutowireCapableBeanFactory.autowireConstructor(AbstractAutowireCapableBeanFactory.java:1193) [spring-beans-4.3.7.RELEASE.jar:4.3.7.RELEASE]
	at org.springframework.beans.factory.support.AbstractAutowireCapableBeanFactory.createBeanInstance(AbstractAutowireCapableBeanFactory.java:1095) [spring-beans-4.3.7.RELEASE.jar:4.3.7.RELEASE]
	at org.springframework.beans.factory.support.AbstractAutowireCapableBeanFactory.doCreateBean(AbstractAutowireCapableBeanFactory.java:513) [spring-beans-4.3.7.RELEASE.jar:4.3.7.RELEASE]
	at org.springframework.beans.factory.support.AbstractAutowireCapableBeanFactory.createBean(AbstractAutowireCapableBeanFactory.java:483) [spring-beans-4.3.7.RELEASE.jar:4.3.7.RELEASE]
	at org.springframework.beans.factory.support.AbstractBeanFactory$1.getObject(AbstractBeanFactory.java:306) [spring-beans-4.3.7.RELEASE.jar:4.3.7.RELEASE]
	at org.springframework.beans.factory.support.DefaultSingletonBeanRegistry.getSingleton(DefaultSingletonBeanRegistry.java:230) [spring-beans-4.3.7.RELEASE.jar:4.3.7.RELEASE]
	at org.springframework.beans.factory.support.AbstractBeanFactory.doGetBean(AbstractBeanFactory.java:302) [spring-beans-4.3.7.RELEASE.jar:4.3.7.RELEASE]
	at org.springframework.beans.factory.support.AbstractBeanFactory.getBean(AbstractBeanFactory.java:202) [spring-beans-4.3.7.RELEASE.jar:4.3.7.RELEASE]
	at org.springframework.beans.factory.config.DependencyDescriptor.resolveCandidate(DependencyDescriptor.java:208) [spring-beans-4.3.7.RELEASE.jar:4.3.7.RELEASE]
	at org.springframework.beans.factory.support.DefaultListableBeanFactory.doResolveDependency(DefaultListableBeanFactory.java:1138) [spring-beans-4.3.7.RELEASE.jar:4.3.7.RELEASE]
	at org.springframework.beans.factory.support.DefaultListableBeanFactory.resolveDependency(DefaultListableBeanFactory.java:1066) [spring-beans-4.3.7.RELEASE.jar:4.3.7.RELEASE]
	at org.springframework.beans.factory.support.ConstructorResolver.resolveAutowiredArgument(ConstructorResolver.java:835) [spring-beans-4.3.7.RELEASE.jar:4.3.7.RELEASE]
	at org.springframework.beans.factory.support.ConstructorResolver.createArgumentArray(ConstructorResolver.java:741) [spring-beans-4.3.7.RELEASE.jar:4.3.7.RELEASE]
	at org.springframework.beans.factory.support.ConstructorResolver.autowireConstructor(ConstructorResolver.java:189) [spring-beans-4.3.7.RELEASE.jar:4.3.7.RELEASE]
	at org.springframework.beans.factory.support.AbstractAutowireCapableBeanFactory.autowireConstructor(AbstractAutowireCapableBeanFactory.java:1193) [spring-beans-4.3.7.RELEASE.jar:4.3.7.RELEASE]
	at org.springframework.beans.factory.support.AbstractAutowireCapableBeanFactory.createBeanInstance(AbstractAutowireCapableBeanFactory.java:1095) [spring-beans-4.3.7.RELEASE.jar:4.3.7.RELEASE]
	at org.springframework.beans.factory.support.AbstractAutowireCapableBeanFactory.doCreateBean(AbstractAutowireCapableBeanFactory.java:513) [spring-beans-4.3.7.RELEASE.jar:4.3.7.RELEASE]
	at org.springframework.beans.factory.support.AbstractAutowireCapableBeanFactory.createBean(AbstractAutowireCapableBeanFactory.java:483) [spring-beans-4.3.7.RELEASE.jar:4.3.7.RELEASE]
	at org.springframework.beans.factory.support.AbstractBeanFactory$1.getObject(AbstractBeanFactory.java:306) [spring-beans-4.3.7.RELEASE.jar:4.3.7.RELEASE]
	at org.springframework.beans.factory.support.DefaultSingletonBeanRegistry.getSingleton(DefaultSingletonBeanRegistry.java:230) [spring-beans-4.3.7.RELEASE.jar:4.3.7.RELEASE]
	at org.springframework.beans.factory.support.AbstractBeanFactory.doGetBean(AbstractBeanFactory.java:302) [spring-beans-4.3.7.RELEASE.jar:4.3.7.RELEASE]
	at org.springframework.beans.factory.support.AbstractBeanFactory.getBean(AbstractBeanFactory.java:197) [spring-beans-4.3.7.RELEASE.jar:4.3.7.RELEASE]
	at org.springframework.beans.factory.support.DefaultListableBeanFactory.preInstantiateSingletons(DefaultListableBeanFactory.java:761) [spring-beans-4.3.7.RELEASE.jar:4.3.7.RELEASE]
	at org.springframework.context.support.AbstractApplicationContext.finishBeanFactoryInitialization(AbstractApplicationContext.java:866) [spring-context-4.3.7.RELEASE.jar:4.3.7.RELEASE]
	at org.springframework.context.support.AbstractApplicationContext.refresh(AbstractApplicationContext.java:542) [spring-context-4.3.7.RELEASE.jar:4.3.7.RELEASE]
	at org.springframework.boot.context.embedded.EmbeddedWebApplicationContext.refresh(EmbeddedWebApplicationContext.java:122) [spring-boot-1.4.5.RELEASE.jar:1.4.5.RELEASE]
	at org.springframework.boot.SpringApplication.refresh(SpringApplication.java:762) [spring-boot-1.4.5.RELEASE.jar:1.4.5.RELEASE]
	at org.springframework.boot.SpringApplication.refreshContext(SpringApplication.java:372) [spring-boot-1.4.5.RELEASE.jar:1.4.5.RELEASE]
	at org.springframework.boot.SpringApplication.run(SpringApplication.java:316) [spring-boot-1.4.5.RELEASE.jar:1.4.5.RELEASE]
	at org.springframework.boot.SpringApplication.run(SpringApplication.java:1187) [spring-boot-1.4.5.RELEASE.jar:1.4.5.RELEASE]
	at org.springframework.boot.SpringApplication.run(SpringApplication.java:1176) [spring-boot-1.4.5.RELEASE.jar:1.4.5.RELEASE]
	at com.gc.gcweb.MainApplication.main(MainApplication.java:29) [classes/:na]
	at sun.reflect.NativeMethodAccessorImpl.invoke0(Native Method) ~[na:1.8.0_121]
	at sun.reflect.NativeMethodAccessorImpl.invoke(NativeMethodAccessorImpl.java:62) ~[na:1.8.0_121]
	at sun.reflect.DelegatingMethodAccessorImpl.invoke(DelegatingMethodAccessorImpl.java:43) ~[na:1.8.0_121]
	at java.lang.reflect.Method.invoke(Method.java:498) ~[na:1.8.0_121]
	at org.springframework.boot.devtools.restart.RestartLauncher.run(RestartLauncher.java:49) [spring-boot-devtools-1.4.5.RELEASE.jar:1.4.5.RELEASE]

2017-03-21 01:01:06.913  INFO 17181 --- [restartedMain] org.elasticsearch.node                   : [Wendigo] initialized
2017-03-21 01:01:06.913  INFO 17181 --- [restartedMain] org.elasticsearch.node                   : [Wendigo] starting ...
2017-03-21 01:01:06.917  INFO 17181 --- [restartedMain] org.elasticsearch.transport              : [Wendigo] publish_address {local[1]}, bound_addresses {local[1]}
2017-03-21 01:01:06.921  INFO 17181 --- [restartedMain] org.elasticsearch.discovery              : [Wendigo] elasticsearch/Ibxn96bqSeqR5SootWKtmw
2017-03-21 01:01:06.933  INFO 17181 --- [elasticsearch[Wendigo][clusterService#updateTask][T#1]] org.elasticsearch.cluster.service        : [Wendigo] new_master {Wendigo}{Ibxn96bqSeqR5SootWKtmw}{local}{local[1]}{local=true}, reason: local-disco-initial_connect(master)
2017-03-21 01:01:06.939  INFO 17181 --- [restartedMain] org.elasticsearch.node                   : [Wendigo] started
2017-03-21 01:01:07.091  INFO 17181 --- [elasticsearch[Wendigo][clusterService#updateTask][T#1]] org.elasticsearch.gateway                : [Wendigo] recovered [1] indices into cluster_state
2017-03-21 01:01:07.809  INFO 17181 --- [elasticsearch[Wendigo][clusterService#updateTask][T#1]] o.e.cluster.routing.allocation           : [Wendigo] Cluster health status changed from [RED] to [YELLOW] (reason: [shards started [[product_index][2], [product_index][2]] ...]).
2017-03-21 01:01:08.136  INFO 17181 --- [restartedMain] .s.o.p.e.FrameworkEndpointHandlerMapping : Mapped "{[/oauth/authorize]}" onto public org.springframework.web.servlet.ModelAndView org.springframework.security.oauth2.provider.endpoint.AuthorizationEndpoint.authorize(java.util.Map<java.lang.String, java.lang.Object>,java.util.Map<java.lang.String, java.lang.String>,org.springframework.web.bind.support.SessionStatus,java.security.Principal)
2017-03-21 01:01:08.138  INFO 17181 --- [restartedMain] .s.o.p.e.FrameworkEndpointHandlerMapping : Mapped "{[/oauth/authorize],methods=[POST],params=[user_oauth_approval]}" onto public org.springframework.web.servlet.View org.springframework.security.oauth2.provider.endpoint.AuthorizationEndpoint.approveOrDeny(java.util.Map<java.lang.String, java.lang.String>,java.util.Map<java.lang.String, ?>,org.springframework.web.bind.support.SessionStatus,java.security.Principal)
2017-03-21 01:01:08.140  INFO 17181 --- [restartedMain] .s.o.p.e.FrameworkEndpointHandlerMapping : Mapped "{[/oauth/token],methods=[GET]}" onto public org.springframework.http.ResponseEntity<org.springframework.security.oauth2.common.OAuth2AccessToken> org.springframework.security.oauth2.provider.endpoint.TokenEndpoint.getAccessToken(java.security.Principal,java.util.Map<java.lang.String, java.lang.String>) throws org.springframework.web.HttpRequestMethodNotSupportedException
2017-03-21 01:01:08.140  INFO 17181 --- [restartedMain] .s.o.p.e.FrameworkEndpointHandlerMapping : Mapped "{[/oauth/token],methods=[POST]}" onto public org.springframework.http.ResponseEntity<org.springframework.security.oauth2.common.OAuth2AccessToken> org.springframework.security.oauth2.provider.endpoint.TokenEndpoint.postAccessToken(java.security.Principal,java.util.Map<java.lang.String, java.lang.String>) throws org.springframework.web.HttpRequestMethodNotSupportedException
2017-03-21 01:01:08.141  INFO 17181 --- [restartedMain] .s.o.p.e.FrameworkEndpointHandlerMapping : Mapped "{[/oauth/check_token]}" onto public java.util.Map<java.lang.String, ?> org.springframework.security.oauth2.provider.endpoint.CheckTokenEndpoint.checkToken(java.lang.String)
2017-03-21 01:01:08.142  INFO 17181 --- [restartedMain] .s.o.p.e.FrameworkEndpointHandlerMapping : Mapped "{[/oauth/confirm_access]}" onto public org.springframework.web.servlet.ModelAndView org.springframework.security.oauth2.provider.endpoint.WhitelabelApprovalEndpoint.getAccessConfirmation(java.util.Map<java.lang.String, java.lang.Object>,javax.servlet.http.HttpServletRequest) throws java.lang.Exception
2017-03-21 01:01:08.142  INFO 17181 --- [restartedMain] .s.o.p.e.FrameworkEndpointHandlerMapping : Mapped "{[/oauth/error]}" onto public org.springframework.web.servlet.ModelAndView org.springframework.security.oauth2.provider.endpoint.WhitelabelErrorEndpoint.handleError(javax.servlet.http.HttpServletRequest)
2017-03-21 01:01:08.852  INFO 17181 --- [restartedMain] o.s.s.web.DefaultSecurityFilterChain     : Creating filter chain: OrRequestMatcher [requestMatchers=[Ant [pattern='/css/**'], Ant [pattern='/js/**'], Ant [pattern='/images/**'], Ant [pattern='/webjars/**'], Ant [pattern='/**/favicon.ico'], Ant [pattern='/error'], org.springframework.boot.actuate.autoconfigure.ManagementWebSecurityAutoConfiguration$LazyEndpointPathRequestMatcher@5e19ebb2]], []
2017-03-21 01:01:09.060  INFO 17181 --- [restartedMain] o.s.s.web.DefaultSecurityFilterChain     : Creating filter chain: OrRequestMatcher [requestMatchers=[Ant [pattern='/oauth/token'], Ant [pattern='/oauth/token_key'], Ant [pattern='/oauth/check_token']]], [org.springframework.security.web.context.request.async.WebAsyncManagerIntegrationFilter@5b822217, org.springframework.security.web.context.SecurityContextPersistenceFilter@75a4516, org.springframework.security.web.header.HeaderWriterFilter@41948f5, org.springframework.security.web.authentication.logout.LogoutFilter@6d05bea1, org.springframework.security.oauth2.provider.client.ClientCredentialsTokenEndpointFilter@189a9755, org.springframework.security.web.authentication.www.BasicAuthenticationFilter@58f7218e, org.springframework.security.web.savedrequest.RequestCacheAwareFilter@67b577c4, org.springframework.security.web.servletapi.SecurityContextHolderAwareRequestFilter@13210676, org.springframework.security.web.authentication.AnonymousAuthenticationFilter@4b3d55b7, org.springframework.security.web.session.SessionManagementFilter@729a1478, org.springframework.security.web.access.ExceptionTranslationFilter@1266931d, org.springframework.security.web.access.intercept.FilterSecurityInterceptor@7be250fa]
2017-03-21 01:01:09.090  INFO 17181 --- [restartedMain] o.s.s.web.DefaultSecurityFilterChain     : Creating filter chain: org.springframework.security.oauth2.config.annotation.web.configuration.ResourceServerConfiguration$NotOAuthRequestMatcher@4e55a538, [com.gc.gcweb.auth.GcCorsFilter@3c8eece3, com.gc.gcweb.auth.JsonToUrlEncodedAuthenticationFilter@77f27ebe, org.springframework.security.web.context.request.async.WebAsyncManagerIntegrationFilter@43facf35, org.springframework.security.web.context.SecurityContextPersistenceFilter@664773c, org.springframework.security.web.header.HeaderWriterFilter@6a4b2d3b, org.springframework.security.web.authentication.logout.LogoutFilter@226b1d8c, org.springframework.security.oauth2.provider.authentication.OAuth2AuthenticationProcessingFilter@45d4ae08, org.springframework.security.web.savedrequest.RequestCacheAwareFilter@52989bbb, org.springframework.security.web.servletapi.SecurityContextHolderAwareRequestFilter@61894626, org.springframework.security.web.authentication.AnonymousAuthenticationFilter@77d4ea77, org.springframework.security.web.session.SessionManagementFilter@73d61eed, org.springframework.security.web.access.ExceptionTranslationFilter@15483c0f, org.springframework.security.web.access.intercept.FilterSecurityInterceptor@53dd5e9b]
2017-03-21 01:01:09.101  INFO 17181 --- [restartedMain] o.s.s.web.DefaultSecurityFilterChain     : Creating filter chain: org.springframework.security.web.util.matcher.AnyRequestMatcher@1, [org.springframework.security.web.context.request.async.WebAsyncManagerIntegrationFilter@37a85824, org.springframework.security.web.context.SecurityContextPersistenceFilter@1e693922, org.springframework.security.web.header.HeaderWriterFilter@101a2d98, org.springframework.security.web.csrf.CsrfFilter@491169a2, org.springframework.security.web.authentication.logout.LogoutFilter@7800119, org.springframework.security.web.savedrequest.RequestCacheAwareFilter@51b66d3b, org.springframework.security.web.servletapi.SecurityContextHolderAwareRequestFilter@1081ec78, org.springframework.security.web.authentication.AnonymousAuthenticationFilter@5e59fae4, org.springframework.security.web.session.SessionManagementFilter@62dea918, org.springframework.security.web.access.ExceptionTranslationFilter@29ecdf93, org.springframework.security.web.access.intercept.FilterSecurityInterceptor@2308b072]
2017-03-21 01:01:09.103  INFO 17181 --- [restartedMain] o.s.s.web.DefaultSecurityFilterChain     : Creating filter chain: Ant [pattern='/h2-console/**'], [org.springframework.security.web.context.request.async.WebAsyncManagerIntegrationFilter@424d5016, org.springframework.security.web.context.SecurityContextPersistenceFilter@5d7fed96, org.springframework.security.web.header.HeaderWriterFilter@5c00b697, org.springframework.security.web.authentication.logout.LogoutFilter@1306e66a, org.springframework.security.web.authentication.www.BasicAuthenticationFilter@31b7bac1, org.springframework.security.web.savedrequest.RequestCacheAwareFilter@63499ff6, org.springframework.security.web.servletapi.SecurityContextHolderAwareRequestFilter@3a243906, org.springframework.security.web.authentication.AnonymousAuthenticationFilter@9c0edd8, org.springframework.security.web.session.SessionManagementFilter@2dd08b7b, org.springframework.security.web.access.ExceptionTranslationFilter@3681013e, org.springframework.security.web.access.intercept.FilterSecurityInterceptor@2d2597c9]
2017-03-21 01:01:09.262  INFO 17181 --- [restartedMain] s.w.s.m.m.a.RequestMappingHandlerMapping : Mapped "{[/admin/me],methods=[GET]}" onto public java.util.concurrent.CompletableFuture<com.gc.gcweb.dtos.response.AdminDetail> com.gc.gcweb.controllers.AdminController.me(org.springframework.security.core.Authentication)
2017-03-21 01:01:09.265  INFO 17181 --- [restartedMain] s.w.s.m.m.a.RequestMappingHandlerMapping : Mapped "{[/oauth/logout],methods=[POST]}" onto public void com.gc.gcweb.controllers.AuthenticationController.logout(javax.servlet.http.HttpServletRequest)
2017-03-21 01:01:09.267  INFO 17181 --- [restartedMain] s.w.s.m.m.a.RequestMappingHandlerMapping : Mapped "{[/cart/checkout],methods=[POST]}" onto public java.util.concurrent.CompletableFuture<java.lang.Void> com.gc.gcweb.controllers.CartController.checkoutCart(com.gc.gcweb.dtos.request.CheckoutCartRequest,org.springframework.security.core.Authentication)
2017-03-21 01:01:09.268  INFO 17181 --- [restartedMain] s.w.s.m.m.a.RequestMappingHandlerMapping : Mapped "{[/cart/previous-orders],methods=[GET]}" onto public java.util.concurrent.CompletableFuture<java.util.List<com.gc.gcweb.entities.Cart>> com.gc.gcweb.controllers.CartController.getPreviousOrders(org.springframework.security.core.Authentication)
2017-03-21 01:01:09.269  INFO 17181 --- [restartedMain] s.w.s.m.m.a.RequestMappingHandlerMapping : Mapped "{[/category/get-by-parent],methods=[GET]}" onto public java.util.concurrent.CompletableFuture<java.util.List<com.gc.gcweb.dtos.response.CategoryResponse>> com.gc.gcweb.controllers.CategoryController.byParent(java.lang.Long)
2017-03-21 01:01:09.271  INFO 17181 --- [restartedMain] s.w.s.m.m.a.RequestMappingHandlerMapping : Mapped "{[/contact/submit],methods=[POST]}" onto public java.util.concurrent.CompletableFuture<com.gc.gcweb.entities.Contact> com.gc.gcweb.controllers.ContactController.createContact(com.gc.gcweb.dtos.request.SubmitContact) throws com.gc.gcweb.exceptions.SystemException
2017-03-21 01:01:09.275  INFO 17181 --- [restartedMain] s.w.s.m.m.a.RequestMappingHandlerMapping : Mapped "{[/customer/me],methods=[GET]}" onto public java.util.concurrent.CompletableFuture<com.gc.gcweb.dtos.response.CustomerDetail> com.gc.gcweb.controllers.CustomerController.me(org.springframework.security.core.Authentication)
2017-03-21 01:01:09.276  INFO 17181 --- [restartedMain] s.w.s.m.m.a.RequestMappingHandlerMapping : Mapped "{[/customer/update-vendor],methods=[POST]}" onto public java.util.concurrent.CompletableFuture<java.lang.Void> com.gc.gcweb.controllers.CustomerController.updateVendor(com.gc.gcweb.dtos.request.UpdateVendorData,org.springframework.security.core.Authentication)
2017-03-21 01:01:09.276  INFO 17181 --- [restartedMain] s.w.s.m.m.a.RequestMappingHandlerMapping : Mapped "{[/customer/update-profile],methods=[POST]}" onto public java.util.concurrent.CompletableFuture<java.lang.Boolean> com.gc.gcweb.controllers.CustomerController.updateProfile(com.gc.gcweb.dtos.request.UpdateCustomerProfile,org.springframework.security.core.Authentication)
2017-03-21 01:01:09.277  INFO 17181 --- [restartedMain] s.w.s.m.m.a.RequestMappingHandlerMapping : Mapped "{[/customer/start-recovery],methods=[POST]}" onto public java.util.concurrent.CompletableFuture<java.lang.Void> com.gc.gcweb.controllers.CustomerController.startRecovery(com.gc.gcweb.dtos.request.StartRecoveryRequest)
2017-03-21 01:01:09.277  INFO 17181 --- [restartedMain] s.w.s.m.m.a.RequestMappingHandlerMapping : Mapped "{[/customer/password-update],methods=[POST]}" onto public java.util.concurrent.CompletableFuture<java.lang.Boolean> com.gc.gcweb.controllers.CustomerController.recoverUser(com.gc.gcweb.dtos.request.PasswordUpdateRequest)
2017-03-21 01:01:09.277  INFO 17181 --- [restartedMain] s.w.s.m.m.a.RequestMappingHandlerMapping : Mapped "{[/customer/register],methods=[POST]}" onto public java.util.concurrent.CompletableFuture<java.lang.Void> com.gc.gcweb.controllers.CustomerController.register(com.gc.gcweb.dtos.request.CustomerRegister)
2017-03-21 01:01:09.283  INFO 17181 --- [restartedMain] s.w.s.m.m.a.RequestMappingHandlerMapping : Mapped "{[/example],methods=[GET]}" onto public java.util.concurrent.CompletableFuture<java.util.List<com.gc.gcweb.entities.Example>> com.gc.gcweb.controllers.ExampleController.getAll()
2017-03-21 01:01:09.290  INFO 17181 --- [restartedMain] s.w.s.m.m.a.RequestMappingHandlerMapping : Mapped "{[/product/match-search],methods=[POST]}" onto public java.util.concurrent.CompletableFuture<java.util.List<com.gc.gcweb.dtos.response.MatchSearchResponse>> com.gc.gcweb.controllers.ProductController.searchMatch(com.gc.gcweb.dtos.request.MatchSearchRequest)
2017-03-21 01:01:09.292  INFO 17181 --- [restartedMain] s.w.s.m.m.a.RequestMappingHandlerMapping : Mapped "{[/product/suggestion],methods=[POST]}" onto public java.util.concurrent.CompletableFuture<java.util.List<com.gc.gcweb.dtos.response.AutoCompleteResult>> com.gc.gcweb.controllers.ProductController.autocomplete(com.gc.gcweb.dtos.request.AutoCompleteKeyword)
2017-03-21 01:01:09.293  INFO 17181 --- [restartedMain] s.w.s.m.m.a.RequestMappingHandlerMapping : Mapped "{[/product/detail],methods=[POST]}" onto public java.util.concurrent.CompletableFuture<com.gc.gcweb.dtos.response.ProductDetailResult> com.gc.gcweb.controllers.ProductController.searchProduct(com.gc.gcweb.dtos.request.SearchProductDetail)
2017-03-21 01:01:09.295  INFO 17181 --- [restartedMain] s.w.s.m.m.a.RequestMappingHandlerMapping : Mapped "{[/product/search],methods=[POST]}" onto public java.util.concurrent.CompletableFuture<com.gc.gcweb.dtos.response.ProductSearchResult> com.gc.gcweb.controllers.ProductController.searchProduct(com.gc.gcweb.dtos.request.SearchProduct)
2017-03-21 01:01:09.297  INFO 17181 --- [restartedMain] s.w.s.m.m.a.RequestMappingHandlerMapping : Mapped "{[/shopping-list],methods=[GET]}" onto public java.util.concurrent.CompletableFuture<com.gc.gcweb.entities.profile.ShoppingList> com.gc.gcweb.controllers.ShoppingListController.getShoppingList()
2017-03-21 01:01:09.299  INFO 17181 --- [restartedMain] s.w.s.m.m.a.RequestMappingHandlerMapping : Mapped "{[/suburb],methods=[GET]}" onto public java.util.concurrent.CompletableFuture<java.util.List<com.gc.gcweb.entities.Suburb>> com.gc.gcweb.controllers.SuburbController.getAllSuburbs()
2017-03-21 01:01:09.308  INFO 17181 --- [restartedMain] s.w.s.m.m.a.RequestMappingHandlerMapping : Mapped "{[/error],produces=[text/html]}" onto public org.springframework.web.servlet.ModelAndView org.springframework.boot.autoconfigure.web.BasicErrorController.errorHtml(javax.servlet.http.HttpServletRequest,javax.servlet.http.HttpServletResponse)
2017-03-21 01:01:09.309  INFO 17181 --- [restartedMain] s.w.s.m.m.a.RequestMappingHandlerMapping : Mapped "{[/error]}" onto public org.springframework.http.ResponseEntity<java.util.Map<java.lang.String, java.lang.Object>> org.springframework.boot.autoconfigure.web.BasicErrorController.error(javax.servlet.http.HttpServletRequest)
2017-03-21 01:01:09.514  INFO 17181 --- [restartedMain] s.w.s.m.m.a.RequestMappingHandlerAdapter : Looking for @ControllerAdvice: org.springframework.boot.context.embedded.AnnotationConfigEmbeddedWebApplicationContext@487f0a99: startup date [Tue Mar 21 01:00:51 BRT 2017]; root of context hierarchy
2017-03-21 01:01:09.632  INFO 17181 --- [restartedMain] .m.m.a.ExceptionHandlerExceptionResolver : Detected @ExceptionHandler methods in globalController
2017-03-21 01:01:10.755  INFO 17181 --- [restartedMain] o.s.b.a.e.mvc.EndpointHandlerMapping     : Mapped "{[/heapdump || /heapdump.json],methods=[GET],produces=[application/octet-stream]}" onto public void org.springframework.boot.actuate.endpoint.mvc.HeapdumpMvcEndpoint.invoke(boolean,javax.servlet.http.HttpServletRequest,javax.servlet.http.HttpServletResponse) throws java.io.IOException,javax.servlet.ServletException
2017-03-21 01:01:10.756  INFO 17181 --- [restartedMain] o.s.b.a.e.mvc.EndpointHandlerMapping     : Mapped "{[/dump || /dump.json],methods=[GET],produces=[application/json]}" onto public java.lang.Object org.springframework.boot.actuate.endpoint.mvc.EndpointMvcAdapter.invoke()
2017-03-21 01:01:10.758  INFO 17181 --- [restartedMain] o.s.b.a.e.mvc.EndpointHandlerMapping     : Mapped "{[/env/{name:.*}],methods=[GET],produces=[application/json]}" onto public java.lang.Object org.springframework.boot.actuate.endpoint.mvc.EnvironmentMvcEndpoint.value(java.lang.String)
2017-03-21 01:01:10.758  INFO 17181 --- [restartedMain] o.s.b.a.e.mvc.EndpointHandlerMapping     : Mapped "{[/env || /env.json],methods=[GET],produces=[application/json]}" onto public java.lang.Object org.springframework.boot.actuate.endpoint.mvc.EndpointMvcAdapter.invoke()
2017-03-21 01:01:10.759  INFO 17181 --- [restartedMain] o.s.b.a.e.mvc.EndpointHandlerMapping     : Mapped "{[/beans || /beans.json],methods=[GET],produces=[application/json]}" onto public java.lang.Object org.springframework.boot.actuate.endpoint.mvc.EndpointMvcAdapter.invoke()
2017-03-21 01:01:10.765  INFO 17181 --- [restartedMain] o.s.b.a.e.mvc.EndpointHandlerMapping     : Mapped "{[/mappings || /mappings.json],methods=[GET],produces=[application/json]}" onto public java.lang.Object org.springframework.boot.actuate.endpoint.mvc.EndpointMvcAdapter.invoke()
2017-03-21 01:01:10.766  INFO 17181 --- [restartedMain] o.s.b.a.e.mvc.EndpointHandlerMapping     : Mapped "{[/logfile || /logfile.json],methods=[GET || HEAD]}" onto public void org.springframework.boot.actuate.endpoint.mvc.LogFileMvcEndpoint.invoke(javax.servlet.http.HttpServletRequest,javax.servlet.http.HttpServletResponse) throws javax.servlet.ServletException,java.io.IOException
2017-03-21 01:01:10.767  INFO 17181 --- [restartedMain] o.s.b.a.e.mvc.EndpointHandlerMapping     : Mapped "{[/autoconfig || /autoconfig.json],methods=[GET],produces=[application/json]}" onto public java.lang.Object org.springframework.boot.actuate.endpoint.mvc.EndpointMvcAdapter.invoke()
2017-03-21 01:01:10.768  INFO 17181 --- [restartedMain] o.s.b.a.e.mvc.EndpointHandlerMapping     : Mapped "{[/health || /health.json],produces=[application/json]}" onto public java.lang.Object org.springframework.boot.actuate.endpoint.mvc.HealthMvcEndpoint.invoke(java.security.Principal)
2017-03-21 01:01:10.769  INFO 17181 --- [restartedMain] o.s.b.a.e.mvc.EndpointHandlerMapping     : Mapped "{[/metrics/{name:.*}],methods=[GET],produces=[application/json]}" onto public java.lang.Object org.springframework.boot.actuate.endpoint.mvc.MetricsMvcEndpoint.value(java.lang.String)
2017-03-21 01:01:10.770  INFO 17181 --- [restartedMain] o.s.b.a.e.mvc.EndpointHandlerMapping     : Mapped "{[/metrics || /metrics.json],methods=[GET],produces=[application/json]}" onto public java.lang.Object org.springframework.boot.actuate.endpoint.mvc.EndpointMvcAdapter.invoke()
2017-03-21 01:01:10.771  INFO 17181 --- [restartedMain] o.s.b.a.e.mvc.EndpointHandlerMapping     : Mapped "{[/trace || /trace.json],methods=[GET],produces=[application/json]}" onto public java.lang.Object org.springframework.boot.actuate.endpoint.mvc.EndpointMvcAdapter.invoke()
2017-03-21 01:01:10.772  INFO 17181 --- [restartedMain] o.s.b.a.e.mvc.EndpointHandlerMapping     : Mapped "{[/configprops || /configprops.json],methods=[GET],produces=[application/json]}" onto public java.lang.Object org.springframework.boot.actuate.endpoint.mvc.EndpointMvcAdapter.invoke()
2017-03-21 01:01:10.772  INFO 17181 --- [restartedMain] o.s.b.a.e.mvc.EndpointHandlerMapping     : Mapped "{[/info || /info.json],methods=[GET],produces=[application/json]}" onto public java.lang.Object org.springframework.boot.actuate.endpoint.mvc.EndpointMvcAdapter.invoke()
2017-03-21 01:01:11.189  INFO 17181 --- [restartedMain] o.s.b.d.a.OptionalLiveReloadServer       : LiveReload server is running on port 35729
2017-03-21 01:01:11.286  INFO 17181 --- [restartedMain] o.s.j.e.a.AnnotationMBeanExporter        : Registering beans for JMX exposure on startup
2017-03-21 01:01:11.311  INFO 17181 --- [restartedMain] o.s.c.support.DefaultLifecycleProcessor  : Starting beans in phase 0
2017-03-21 01:01:11.518  INFO 17181 --- [restartedMain] application                              : Initializing Spring FrameworkServlet 'dispatcherServlet'
2017-03-21 01:01:11.519  INFO 17181 --- [restartedMain] o.s.web.servlet.DispatcherServlet        : FrameworkServlet 'dispatcherServlet': initialization started
2017-03-21 01:01:11.543  INFO 17181 --- [restartedMain] o.s.web.servlet.DispatcherServlet        : FrameworkServlet 'dispatcherServlet': initialization completed in 24 ms
2017-03-21 01:01:11.570  INFO 17181 --- [restartedMain] o.e.jetty.server.AbstractConnector       : Started ServerConnector@119abd10{HTTP/1.1,[http/1.1]}{0.0.0.0:8080}
2017-03-21 01:01:11.574  INFO 17181 --- [restartedMain] .s.b.c.e.j.JettyEmbeddedServletContainer : Jetty started on port(s) 8080 (http/1.1)
2017-03-21 01:01:11.592  INFO 17181 --- [restartedMain] com.gc.gcweb.MainApplication             : Started MainApplication in 21.315 seconds (JVM running for 23.38)
2017-03-21 01:01:26.767  WARN 17181 --- [qtp1787945832-20] o.s.web.servlet.PageNotFound             : No mapping found for HTTP request with URI [/] in DispatcherServlet with name 'dispatcherServlet'
2017-03-21 01:01:26.884  WARN 17181 --- [qtp1787945832-22] o.s.web.servlet.PageNotFound             : No mapping found for HTTP request with URI [/favicon.ico] in DispatcherServlet with name 'dispatcherServlet'
2017-03-21 01:01:47.712  WARN 17181 --- [qtp1787945832-24] o.s.web.servlet.PageNotFound             : No mapping found for HTTP request with URI [/gc-web] in DispatcherServlet with name 'dispatcherServlet'
2017-03-21 01:01:51.873  WARN 17181 --- [qtp1787945832-20] o.s.web.servlet.PageNotFound             : No mapping found for HTTP request with URI [/gc-web/] in DispatcherServlet with name 'dispatcherServlet'
2017-03-21 01:01:57.874  WARN 17181 --- [qtp1787945832-23] o.eclipse.jetty.servlet.ServletHandler   : 

org.springframework.web.util.NestedServletException: Request processing failed; nested exception is java.util.concurrent.CompletionException: Failed to execute phase [dfs], all shards failed; shardFailures {[Ibxn96bqSeqR5SootWKtmw][product_index][0]: RemoteTransportException[[Wendigo][local[1]][indices:data/read/search[phase/dfs]]]; nested: SearchParseException[failed to parse search source [{"from":0,"size":24,"query":{"bool":{"must":[{"query_string":{"query":"**","fields":["productDetail.description"],"analyze_wildcard":true}},{"query_string":{"query":"5","fields":["categoryId"],"default_operator":"and"}}]}},"sort":[{"productDetail.description":{"order":"asc"}},{"productDetail.description":{"order":"asc"}}]}]]; nested: SearchParseException[No mapping found for [productDetail.description] in order to sort on]; }{[Ibxn96bqSeqR5SootWKtmw][product_index][1]: RemoteTransportException[[Wendigo][local[1]][indices:data/read/search[phase/dfs]]]; nested: SearchParseException[failed to parse search source [{"from":0,"size":24,"query":{"bool":{"must":[{"query_string":{"query":"**","fields":["productDetail.description"],"analyze_wildcard":true}},{"query_string":{"query":"5","fields":["categoryId"],"default_operator":"and"}}]}},"sort":[{"productDetail.description":{"order":"asc"}},{"productDetail.description":{"order":"asc"}}]}]]; nested: SearchParseException[No mapping found for [productDetail.description] in order to sort on]; }{[Ibxn96bqSeqR5SootWKtmw][product_index][2]: RemoteTransportException[[Wendigo][local[1]][indices:data/read/search[phase/dfs]]]; nested: SearchParseException[failed to parse search source [{"from":0,"size":24,"query":{"bool":{"must":[{"query_string":{"query":"**","fields":["productDetail.description"],"analyze_wildcard":true}},{"query_string":{"query":"5","fields":["categoryId"],"default_operator":"and"}}]}},"sort":[{"productDetail.description":{"order":"asc"}},{"productDetail.description":{"order":"asc"}}]}]]; nested: SearchParseException[No mapping found for [productDetail.description] in order to sort on]; }{[Ibxn96bqSeqR5SootWKtmw][product_index][3]: RemoteTransportException[[Wendigo][local[1]][indices:data/read/search[phase/dfs]]]; nested: SearchParseException[failed to parse search source [{"from":0,"size":24,"query":{"bool":{"must":[{"query_string":{"query":"**","fields":["productDetail.description"],"analyze_wildcard":true}},{"query_string":{"query":"5","fields":["categoryId"],"default_operator":"and"}}]}},"sort":[{"productDetail.description":{"order":"asc"}},{"productDetail.description":{"order":"asc"}}]}]]; nested: SearchParseException[No mapping found for [productDetail.description] in order to sort on]; }{[Ibxn96bqSeqR5SootWKtmw][product_index][4]: RemoteTransportException[[Wendigo][local[1]][indices:data/read/search[phase/dfs]]]; nested: SearchParseException[failed to parse search source [{"from":0,"size":24,"query":{"bool":{"must":[{"query_string":{"query":"**","fields":["productDetail.description"],"analyze_wildcard":true}},{"query_string":{"query":"5","fields":["categoryId"],"default_operator":"and"}}]}},"sort":[{"productDetail.description":{"order":"asc"}},{"productDetail.description":{"order":"asc"}}]}]]; nested: SearchParseException[No mapping found for [productDetail.description] in order to sort on]; }
	at org.springframework.web.servlet.FrameworkServlet.processRequest(FrameworkServlet.java:982) ~[spring-webmvc-4.3.7.RELEASE.jar:4.3.7.RELEASE]
	at org.springframework.web.servlet.FrameworkServlet.doPost(FrameworkServlet.java:872) ~[spring-webmvc-4.3.7.RELEASE.jar:4.3.7.RELEASE]
	at javax.servlet.http.HttpServlet.service(HttpServlet.java:648) ~[tomcat-embed-core-8.5.6.jar:8.5.6]
	at org.springframework.web.servlet.FrameworkServlet.service(FrameworkServlet.java:846) ~[spring-webmvc-4.3.7.RELEASE.jar:4.3.7.RELEASE]
	at javax.servlet.http.HttpServlet.service(HttpServlet.java:729) ~[tomcat-embed-core-8.5.6.jar:8.5.6]
	at org.eclipse.jetty.servlet.ServletHolder.handle(ServletHolder.java:848) ~[jetty-servlet-9.3.16.v20170120.jar:9.3.16.v20170120]
	at org.eclipse.jetty.servlet.ServletHandler$CachedChain.doFilter(ServletHandler.java:1772) ~[jetty-servlet-9.3.16.v20170120.jar:9.3.16.v20170120]
	at org.springframework.web.filter.OncePerRequestFilter.doFilter(OncePerRequestFilter.java:101) ~[spring-web-4.3.7.RELEASE.jar:4.3.7.RELEASE]
	at org.eclipse.jetty.servlet.ServletHandler$CachedChain.doFilter(ServletHandler.java:1759) ~[jetty-servlet-9.3.16.v20170120.jar:9.3.16.v20170120]
	at org.springframework.web.filter.OncePerRequestFilter.doFilter(OncePerRequestFilter.java:101) ~[spring-web-4.3.7.RELEASE.jar:4.3.7.RELEASE]
	at org.eclipse.jetty.servlet.ServletHandler$CachedChain.doFilter(ServletHandler.java:1759) ~[jetty-servlet-9.3.16.v20170120.jar:9.3.16.v20170120]
	at com.gc.gcweb.auth.JsonToUrlEncodedAuthenticationFilter.doFilter(JsonToUrlEncodedAuthenticationFilter.java:65) ~[classes/:na]
	at org.eclipse.jetty.servlet.ServletHandler$CachedChain.doFilter(ServletHandler.java:1759) ~[jetty-servlet-9.3.16.v20170120.jar:9.3.16.v20170120]
	at org.springframework.security.web.FilterChainProxy$VirtualFilterChain.doFilter(FilterChainProxy.java:317) ~[spring-security-web-4.1.4.RELEASE.jar:4.1.4.RELEASE]
	at org.springframework.security.web.access.intercept.FilterSecurityInterceptor.invoke(FilterSecurityInterceptor.java:116) ~[spring-security-web-4.1.4.RELEASE.jar:4.1.4.RELEASE]
	at org.springframework.security.web.access.intercept.FilterSecurityInterceptor.doFilter(FilterSecurityInterceptor.java:91) ~[spring-security-web-4.1.4.RELEASE.jar:4.1.4.RELEASE]
	at org.springframework.security.web.FilterChainProxy$VirtualFilterChain.doFilter(FilterChainProxy.java:331) ~[spring-security-web-4.1.4.RELEASE.jar:4.1.4.RELEASE]
	at org.springframework.security.web.access.ExceptionTranslationFilter.doFilter(ExceptionTranslationFilter.java:115) ~[spring-security-web-4.1.4.RELEASE.jar:4.1.4.RELEASE]
	at org.springframework.security.web.FilterChainProxy$VirtualFilterChain.doFilter(FilterChainProxy.java:331) ~[spring-security-web-4.1.4.RELEASE.jar:4.1.4.RELEASE]
	at org.springframework.security.web.session.SessionManagementFilter.doFilter(SessionManagementFilter.java:84) ~[spring-security-web-4.1.4.RELEASE.jar:4.1.4.RELEASE]
	at org.springframework.security.web.FilterChainProxy$VirtualFilterChain.doFilter(FilterChainProxy.java:331) ~[spring-security-web-4.1.4.RELEASE.jar:4.1.4.RELEASE]
	at org.springframework.security.web.authentication.AnonymousAuthenticationFilter.doFilter(AnonymousAuthenticationFilter.java:111) ~[spring-security-web-4.1.4.RELEASE.jar:4.1.4.RELEASE]
	at org.springframework.security.web.FilterChainProxy$VirtualFilterChain.doFilter(FilterChainProxy.java:331) ~[spring-security-web-4.1.4.RELEASE.jar:4.1.4.RELEASE]
	at org.springframework.security.web.servletapi.SecurityContextHolderAwareRequestFilter.doFilter(SecurityContextHolderAwareRequestFilter.java:169) ~[spring-security-web-4.1.4.RELEASE.jar:4.1.4.RELEASE]
	at org.springframework.security.web.FilterChainProxy$VirtualFilterChain.doFilter(FilterChainProxy.java:331) ~[spring-security-web-4.1.4.RELEASE.jar:4.1.4.RELEASE]
	at org.springframework.security.web.savedrequest.RequestCacheAwareFilter.doFilter(RequestCacheAwareFilter.java:63) ~[spring-security-web-4.1.4.RELEASE.jar:4.1.4.RELEASE]
	at org.springframework.security.web.FilterChainProxy$VirtualFilterChain.doFilter(FilterChainProxy.java:331) ~[spring-security-web-4.1.4.RELEASE.jar:4.1.4.RELEASE]
	at org.springframework.security.oauth2.provider.authentication.OAuth2AuthenticationProcessingFilter.doFilter(OAuth2AuthenticationProcessingFilter.java:176) ~[spring-security-oauth2-2.0.13.RELEASE.jar:na]
	at org.springframework.security.web.FilterChainProxy$VirtualFilterChain.doFilter(FilterChainProxy.java:331) ~[spring-security-web-4.1.4.RELEASE.jar:4.1.4.RELEASE]
	at org.springframework.security.web.authentication.logout.LogoutFilter.doFilter(LogoutFilter.java:121) ~[spring-security-web-4.1.4.RELEASE.jar:4.1.4.RELEASE]
	at org.springframework.security.web.FilterChainProxy$VirtualFilterChain.doFilter(FilterChainProxy.java:331) ~[spring-security-web-4.1.4.RELEASE.jar:4.1.4.RELEASE]
	at org.springframework.web.filter.OncePerRequestFilter.doFilter(OncePerRequestFilter.java:101) ~[spring-web-4.3.7.RELEASE.jar:4.3.7.RELEASE]
	at org.springframework.security.web.FilterChainProxy$VirtualFilterChain.doFilter(FilterChainProxy.java:331) ~[spring-security-web-4.1.4.RELEASE.jar:4.1.4.RELEASE]
	at org.springframework.security.web.context.SecurityContextPersistenceFilter.doFilter(SecurityContextPersistenceFilter.java:105) ~[spring-security-web-4.1.4.RELEASE.jar:4.1.4.RELEASE]
	at org.springframework.security.web.FilterChainProxy$VirtualFilterChain.doFilter(FilterChainProxy.java:331) ~[spring-security-web-4.1.4.RELEASE.jar:4.1.4.RELEASE]
	at org.springframework.web.filter.OncePerRequestFilter.doFilter(OncePerRequestFilter.java:101) ~[spring-web-4.3.7.RELEASE.jar:4.3.7.RELEASE]
	at org.springframework.security.web.FilterChainProxy$VirtualFilterChain.doFilter(FilterChainProxy.java:331) ~[spring-security-web-4.1.4.RELEASE.jar:4.1.4.RELEASE]
	at com.gc.gcweb.auth.JsonToUrlEncodedAuthenticationFilter.doFilter(JsonToUrlEncodedAuthenticationFilter.java:65) ~[classes/:na]
	at org.springframework.security.web.FilterChainProxy$VirtualFilterChain.doFilter(FilterChainProxy.java:331) ~[spring-security-web-4.1.4.RELEASE.jar:4.1.4.RELEASE]
	at com.gc.gcweb.auth.GcCorsFilter.doFilter(GcCorsFilter.java:39) ~[classes/:na]
	at org.springframework.security.web.FilterChainProxy$VirtualFilterChain.doFilter(FilterChainProxy.java:331) ~[spring-security-web-4.1.4.RELEASE.jar:4.1.4.RELEASE]
	at org.springframework.security.web.FilterChainProxy.doFilterInternal(FilterChainProxy.java:214) ~[spring-security-web-4.1.4.RELEASE.jar:4.1.4.RELEASE]
	at org.springframework.security.web.FilterChainProxy.doFilter(FilterChainProxy.java:177) ~[spring-security-web-4.1.4.RELEASE.jar:4.1.4.RELEASE]
	at org.springframework.web.filter.DelegatingFilterProxy.invokeDelegate(DelegatingFilterProxy.java:346) ~[spring-web-4.3.7.RELEASE.jar:4.3.7.RELEASE]
	at org.springframework.web.filter.DelegatingFilterProxy.doFilter(DelegatingFilterProxy.java:262) ~[spring-web-4.3.7.RELEASE.jar:4.3.7.RELEASE]
	at org.eclipse.jetty.servlet.ServletHandler$CachedChain.doFilter(ServletHandler.java:1759) ~[jetty-servlet-9.3.16.v20170120.jar:9.3.16.v20170120]
	at org.springframework.web.filter.OncePerRequestFilter.doFilter(OncePerRequestFilter.java:101) ~[spring-web-4.3.7.RELEASE.jar:4.3.7.RELEASE]
	at org.eclipse.jetty.servlet.ServletHandler$CachedChain.doFilter(ServletHandler.java:1759) ~[jetty-servlet-9.3.16.v20170120.jar:9.3.16.v20170120]
	at org.springframework.boot.actuate.autoconfigure.MetricsFilter.doFilterInternal(MetricsFilter.java:106) ~[spring-boot-actuator-1.4.5.RELEASE.jar:1.4.5.RELEASE]
	at org.springframework.web.filter.OncePerRequestFilter.doFilter(OncePerRequestFilter.java:107) ~[spring-web-4.3.7.RELEASE.jar:4.3.7.RELEASE]
	at org.eclipse.jetty.servlet.ServletHandler$CachedChain.doFilter(ServletHandler.java:1759) ~[jetty-servlet-9.3.16.v20170120.jar:9.3.16.v20170120]
	at com.gc.gcweb.auth.GcCorsFilter.doFilter(GcCorsFilter.java:39) ~[classes/:na]
	at org.eclipse.jetty.servlet.ServletHandler$CachedChain.doFilter(ServletHandler.java:1759) ~[jetty-servlet-9.3.16.v20170120.jar:9.3.16.v20170120]
	at org.eclipse.jetty.servlet.ServletHandler.doHandle(ServletHandler.java:582) [jetty-servlet-9.3.16.v20170120.jar:9.3.16.v20170120]
	at org.eclipse.jetty.server.handler.ScopedHandler.handle(ScopedHandler.java:143) [jetty-server-9.3.16.v20170120.jar:9.3.16.v20170120]
	at org.eclipse.jetty.security.SecurityHandler.handle(SecurityHandler.java:548) [jetty-security-9.3.16.v20170120.jar:9.3.16.v20170120]
	at org.eclipse.jetty.server.session.SessionHandler.doHandle(SessionHandler.java:226) [jetty-server-9.3.16.v20170120.jar:9.3.16.v20170120]
	at org.eclipse.jetty.server.handler.ContextHandler.doHandle(ContextHandler.java:1180) [jetty-server-9.3.16.v20170120.jar:9.3.16.v20170120]
	at org.eclipse.jetty.servlet.ServletHandler.doScope(ServletHandler.java:512) [jetty-servlet-9.3.16.v20170120.jar:9.3.16.v20170120]
	at org.eclipse.jetty.server.session.SessionHandler.doScope(SessionHandler.java:185) [jetty-server-9.3.16.v20170120.jar:9.3.16.v20170120]
	at org.eclipse.jetty.server.handler.ContextHandler.doScope(ContextHandler.java:1112) [jetty-server-9.3.16.v20170120.jar:9.3.16.v20170120]
	at org.eclipse.jetty.server.handler.ScopedHandler.handle(ScopedHandler.java:141) [jetty-server-9.3.16.v20170120.jar:9.3.16.v20170120]
	at org.eclipse.jetty.server.handler.gzip.GzipHandler.handle(GzipHandler.java:404) [jetty-server-9.3.16.v20170120.jar:9.3.16.v20170120]
	at org.eclipse.jetty.server.handler.HandlerWrapper.handle(HandlerWrapper.java:134) [jetty-server-9.3.16.v20170120.jar:9.3.16.v20170120]
	at org.eclipse.jetty.server.Server.handleAsync(Server.java:579) [jetty-server-9.3.16.v20170120.jar:9.3.16.v20170120]
	at org.eclipse.jetty.server.HttpChannel.handle(HttpChannel.java:337) [jetty-server-9.3.16.v20170120.jar:9.3.16.v20170120]
	at org.eclipse.jetty.server.HttpChannel.run(HttpChannel.java:267) [jetty-server-9.3.16.v20170120.jar:9.3.16.v20170120]
	at org.eclipse.jetty.util.thread.QueuedThreadPool.runJob(QueuedThreadPool.java:671) [jetty-util-9.3.16.v20170120.jar:9.3.16.v20170120]
	at org.eclipse.jetty.util.thread.QueuedThreadPool$2.run(QueuedThreadPool.java:589) [jetty-util-9.3.16.v20170120.jar:9.3.16.v20170120]
	at java.lang.Thread.run(Thread.java:745) [na:1.8.0_121]
Caused by: java.util.concurrent.CompletionException: Failed to execute phase [dfs], all shards failed; shardFailures {[Ibxn96bqSeqR5SootWKtmw][product_index][0]: RemoteTransportException[[Wendigo][local[1]][indices:data/read/search[phase/dfs]]]; nested: SearchParseException[failed to parse search source [{"from":0,"size":24,"query":{"bool":{"must":[{"query_string":{"query":"**","fields":["productDetail.description"],"analyze_wildcard":true}},{"query_string":{"query":"5","fields":["categoryId"],"default_operator":"and"}}]}},"sort":[{"productDetail.description":{"order":"asc"}},{"productDetail.description":{"order":"asc"}}]}]]; nested: SearchParseException[No mapping found for [productDetail.description] in order to sort on]; }{[Ibxn96bqSeqR5SootWKtmw][product_index][1]: RemoteTransportException[[Wendigo][local[1]][indices:data/read/search[phase/dfs]]]; nested: SearchParseException[failed to parse search source [{"from":0,"size":24,"query":{"bool":{"must":[{"query_string":{"query":"**","fields":["productDetail.description"],"analyze_wildcard":true}},{"query_string":{"query":"5","fields":["categoryId"],"default_operator":"and"}}]}},"sort":[{"productDetail.description":{"order":"asc"}},{"productDetail.description":{"order":"asc"}}]}]]; nested: SearchParseException[No mapping found for [productDetail.description] in order to sort on]; }{[Ibxn96bqSeqR5SootWKtmw][product_index][2]: RemoteTransportException[[Wendigo][local[1]][indices:data/read/search[phase/dfs]]]; nested: SearchParseException[failed to parse search source [{"from":0,"size":24,"query":{"bool":{"must":[{"query_string":{"query":"**","fields":["productDetail.description"],"analyze_wildcard":true}},{"query_string":{"query":"5","fields":["categoryId"],"default_operator":"and"}}]}},"sort":[{"productDetail.description":{"order":"asc"}},{"productDetail.description":{"order":"asc"}}]}]]; nested: SearchParseException[No mapping found for [productDetail.description] in order to sort on]; }{[Ibxn96bqSeqR5SootWKtmw][product_index][3]: RemoteTransportException[[Wendigo][local[1]][indices:data/read/search[phase/dfs]]]; nested: SearchParseException[failed to parse search source [{"from":0,"size":24,"query":{"bool":{"must":[{"query_string":{"query":"**","fields":["productDetail.description"],"analyze_wildcard":true}},{"query_string":{"query":"5","fields":["categoryId"],"default_operator":"and"}}]}},"sort":[{"productDetail.description":{"order":"asc"}},{"productDetail.description":{"order":"asc"}}]}]]; nested: SearchParseException[No mapping found for [productDetail.description] in order to sort on]; }{[Ibxn96bqSeqR5SootWKtmw][product_index][4]: RemoteTransportException[[Wendigo][local[1]][indices:data/read/search[phase/dfs]]]; nested: SearchParseException[failed to parse search source [{"from":0,"size":24,"query":{"bool":{"must":[{"query_string":{"query":"**","fields":["productDetail.description"],"analyze_wildcard":true}},{"query_string":{"query":"5","fields":["categoryId"],"default_operator":"and"}}]}},"sort":[{"productDetail.description":{"order":"asc"}},{"productDetail.description":{"order":"asc"}}]}]]; nested: SearchParseException[No mapping found for [productDetail.description] in order to sort on]; }
	at org.springframework.aop.interceptor.AsyncExecutionAspectSupport$CompletableFutureDelegate$1.get(AsyncExecutionAspectSupport.java:324) ~[spring-aop-4.3.7.RELEASE.jar:4.3.7.RELEASE]
	at java.util.concurrent.CompletableFuture$AsyncSupply.run(CompletableFuture.java:1590) ~[na:1.8.0_121]
	at java.util.concurrent.ThreadPoolExecutor.runWorker(ThreadPoolExecutor.java:1142) ~[na:1.8.0_121]
	at java.util.concurrent.ThreadPoolExecutor$Worker.run(ThreadPoolExecutor.java:617) ~[na:1.8.0_121]
	... 1 common frames omitted
Caused by: org.elasticsearch.action.search.SearchPhaseExecutionException: all shards failed
	at org.elasticsearch.action.search.AbstractSearchAsyncAction.onFirstPhaseResult(AbstractSearchAsyncAction.java:206) ~[elasticsearch-2.4.4.jar:2.4.4]
	at org.elasticsearch.action.search.AbstractSearchAsyncAction$1.onFailure(AbstractSearchAsyncAction.java:152) ~[elasticsearch-2.4.4.jar:2.4.4]
	at org.elasticsearch.action.ActionListenerResponseHandler.handleException(ActionListenerResponseHandler.java:46) ~[elasticsearch-2.4.4.jar:2.4.4]
	at org.elasticsearch.transport.TransportService$DirectResponseChannel.processException(TransportService.java:874) ~[elasticsearch-2.4.4.jar:2.4.4]
	at org.elasticsearch.transport.TransportService$DirectResponseChannel.sendResponse(TransportService.java:852) ~[elasticsearch-2.4.4.jar:2.4.4]
	at org.elasticsearch.transport.TransportService$4.onFailure(TransportService.java:389) ~[elasticsearch-2.4.4.jar:2.4.4]
	at org.elasticsearch.common.util.concurrent.AbstractRunnable.run(AbstractRunnable.java:39) ~[elasticsearch-2.4.4.jar:2.4.4]
	... 3 common frames omitted
Caused by: org.elasticsearch.search.SearchParseException: No mapping found for [productDetail.description] in order to sort on
	at org.elasticsearch.search.sort.SortParseElement.addSortField(SortParseElement.java:213) ~[elasticsearch-2.4.4.jar:2.4.4]
	at org.elasticsearch.search.sort.SortParseElement.addCompoundSortField(SortParseElement.java:187) ~[elasticsearch-2.4.4.jar:2.4.4]
	at org.elasticsearch.search.sort.SortParseElement.parse(SortParseElement.java:85) ~[elasticsearch-2.4.4.jar:2.4.4]
	at org.elasticsearch.search.SearchService.parseSource(SearchService.java:856) ~[elasticsearch-2.4.4.jar:2.4.4]
	at org.elasticsearch.search.SearchService.createContext(SearchService.java:667) ~[elasticsearch-2.4.4.jar:2.4.4]
	at org.elasticsearch.search.SearchService.createAndPutContext(SearchService.java:633) ~[elasticsearch-2.4.4.jar:2.4.4]
	at org.elasticsearch.search.SearchService.executeDfsPhase(SearchService.java:264) ~[elasticsearch-2.4.4.jar:2.4.4]
	at org.elasticsearch.search.action.SearchServiceTransportAction$SearchDfsTransportHandler.messageReceived(SearchServiceTransportAction.java:360) ~[elasticsearch-2.4.4.jar:2.4.4]
	at org.elasticsearch.search.action.SearchServiceTransportAction$SearchDfsTransportHandler.messageReceived(SearchServiceTransportAction.java:357) ~[elasticsearch-2.4.4.jar:2.4.4]
	at org.elasticsearch.transport.TransportRequestHandler.messageReceived(TransportRequestHandler.java:33) ~[elasticsearch-2.4.4.jar:2.4.4]
	at org.elasticsearch.transport.RequestHandlerRegistry.processMessageReceived(RequestHandlerRegistry.java:77) ~[elasticsearch-2.4.4.jar:2.4.4]
	at org.elasticsearch.transport.TransportService$4.doRun(TransportService.java:378) ~[elasticsearch-2.4.4.jar:2.4.4]
	at org.elasticsearch.common.util.concurrent.AbstractRunnable.run(AbstractRunnable.java:37) ~[elasticsearch-2.4.4.jar:2.4.4]
	... 3 common frames omitted

2017-03-21 01:01:57.878  WARN 17181 --- [qtp1787945832-17] o.eclipse.jetty.servlet.ServletHandler   : 

org.springframework.web.util.NestedServletException: Request processing failed; nested exception is java.util.concurrent.CompletionException: Failed to execute phase [dfs], all shards failed; shardFailures {[Ibxn96bqSeqR5SootWKtmw][product_index][0]: RemoteTransportException[[Wendigo][local[1]][indices:data/read/search[phase/dfs]]]; nested: SearchParseException[failed to parse search source [{"from":0,"size":24,"query":{"bool":{"must":[{"query_string":{"query":"**","fields":["productDetail.description"],"analyze_wildcard":true}},{"query_string":{"query":"5","fields":["categoryId"],"default_operator":"and"}}]}},"sort":[{"productDetail.description":{"order":"asc"}},{"productDetail.description":{"order":"asc"}}]}]]; nested: SearchParseException[No mapping found for [productDetail.description] in order to sort on]; }{[Ibxn96bqSeqR5SootWKtmw][product_index][1]: RemoteTransportException[[Wendigo][local[1]][indices:data/read/search[phase/dfs]]]; nested: SearchParseException[failed to parse search source [{"from":0,"size":24,"query":{"bool":{"must":[{"query_string":{"query":"**","fields":["productDetail.description"],"analyze_wildcard":true}},{"query_string":{"query":"5","fields":["categoryId"],"default_operator":"and"}}]}},"sort":[{"productDetail.description":{"order":"asc"}},{"productDetail.description":{"order":"asc"}}]}]]; nested: SearchParseException[No mapping found for [productDetail.description] in order to sort on]; }{[Ibxn96bqSeqR5SootWKtmw][product_index][2]: RemoteTransportException[[Wendigo][local[1]][indices:data/read/search[phase/dfs]]]; nested: SearchParseException[failed to parse search source [{"from":0,"size":24,"query":{"bool":{"must":[{"query_string":{"query":"**","fields":["productDetail.description"],"analyze_wildcard":true}},{"query_string":{"query":"5","fields":["categoryId"],"default_operator":"and"}}]}},"sort":[{"productDetail.description":{"order":"asc"}},{"productDetail.description":{"order":"asc"}}]}]]; nested: SearchParseException[No mapping found for [productDetail.description] in order to sort on]; }{[Ibxn96bqSeqR5SootWKtmw][product_index][3]: RemoteTransportException[[Wendigo][local[1]][indices:data/read/search[phase/dfs]]]; nested: SearchParseException[failed to parse search source [{"from":0,"size":24,"query":{"bool":{"must":[{"query_string":{"query":"**","fields":["productDetail.description"],"analyze_wildcard":true}},{"query_string":{"query":"5","fields":["categoryId"],"default_operator":"and"}}]}},"sort":[{"productDetail.description":{"order":"asc"}},{"productDetail.description":{"order":"asc"}}]}]]; nested: SearchParseException[No mapping found for [productDetail.description] in order to sort on]; }{[Ibxn96bqSeqR5SootWKtmw][product_index][4]: RemoteTransportException[[Wendigo][local[1]][indices:data/read/search[phase/dfs]]]; nested: SearchParseException[failed to parse search source [{"from":0,"size":24,"query":{"bool":{"must":[{"query_string":{"query":"**","fields":["productDetail.description"],"analyze_wildcard":true}},{"query_string":{"query":"5","fields":["categoryId"],"default_operator":"and"}}]}},"sort":[{"productDetail.description":{"order":"asc"}},{"productDetail.description":{"order":"asc"}}]}]]; nested: SearchParseException[No mapping found for [productDetail.description] in order to sort on]; }
	at org.springframework.web.servlet.FrameworkServlet.processRequest(FrameworkServlet.java:982) ~[spring-webmvc-4.3.7.RELEASE.jar:4.3.7.RELEASE]
	at org.springframework.web.servlet.FrameworkServlet.doPost(FrameworkServlet.java:872) ~[spring-webmvc-4.3.7.RELEASE.jar:4.3.7.RELEASE]
	at javax.servlet.http.HttpServlet.service(HttpServlet.java:648) ~[tomcat-embed-core-8.5.6.jar:8.5.6]
	at org.springframework.web.servlet.FrameworkServlet.service(FrameworkServlet.java:846) ~[spring-webmvc-4.3.7.RELEASE.jar:4.3.7.RELEASE]
	at javax.servlet.http.HttpServlet.service(HttpServlet.java:729) ~[tomcat-embed-core-8.5.6.jar:8.5.6]
	at org.eclipse.jetty.servlet.ServletHolder.handle(ServletHolder.java:848) ~[jetty-servlet-9.3.16.v20170120.jar:9.3.16.v20170120]
	at org.eclipse.jetty.servlet.ServletHandler$CachedChain.doFilter(ServletHandler.java:1772) ~[jetty-servlet-9.3.16.v20170120.jar:9.3.16.v20170120]
	at org.springframework.web.filter.OncePerRequestFilter.doFilter(OncePerRequestFilter.java:101) ~[spring-web-4.3.7.RELEASE.jar:4.3.7.RELEASE]
	at org.eclipse.jetty.servlet.ServletHandler$CachedChain.doFilter(ServletHandler.java:1759) ~[jetty-servlet-9.3.16.v20170120.jar:9.3.16.v20170120]
	at org.springframework.web.filter.OncePerRequestFilter.doFilter(OncePerRequestFilter.java:101) ~[spring-web-4.3.7.RELEASE.jar:4.3.7.RELEASE]
	at org.eclipse.jetty.servlet.ServletHandler$CachedChain.doFilter(ServletHandler.java:1759) ~[jetty-servlet-9.3.16.v20170120.jar:9.3.16.v20170120]
	at com.gc.gcweb.auth.JsonToUrlEncodedAuthenticationFilter.doFilter(JsonToUrlEncodedAuthenticationFilter.java:65) ~[classes/:na]
	at org.eclipse.jetty.servlet.ServletHandler$CachedChain.doFilter(ServletHandler.java:1759) ~[jetty-servlet-9.3.16.v20170120.jar:9.3.16.v20170120]
	at org.springframework.security.web.FilterChainProxy$VirtualFilterChain.doFilter(FilterChainProxy.java:317) ~[spring-security-web-4.1.4.RELEASE.jar:4.1.4.RELEASE]
	at org.springframework.security.web.access.intercept.FilterSecurityInterceptor.invoke(FilterSecurityInterceptor.java:116) ~[spring-security-web-4.1.4.RELEASE.jar:4.1.4.RELEASE]
	at org.springframework.security.web.access.intercept.FilterSecurityInterceptor.doFilter(FilterSecurityInterceptor.java:91) ~[spring-security-web-4.1.4.RELEASE.jar:4.1.4.RELEASE]
	at org.springframework.security.web.FilterChainProxy$VirtualFilterChain.doFilter(FilterChainProxy.java:331) ~[spring-security-web-4.1.4.RELEASE.jar:4.1.4.RELEASE]
	at org.springframework.security.web.access.ExceptionTranslationFilter.doFilter(ExceptionTranslationFilter.java:115) ~[spring-security-web-4.1.4.RELEASE.jar:4.1.4.RELEASE]
	at org.springframework.security.web.FilterChainProxy$VirtualFilterChain.doFilter(FilterChainProxy.java:331) ~[spring-security-web-4.1.4.RELEASE.jar:4.1.4.RELEASE]
	at org.springframework.security.web.session.SessionManagementFilter.doFilter(SessionManagementFilter.java:84) ~[spring-security-web-4.1.4.RELEASE.jar:4.1.4.RELEASE]
	at org.springframework.security.web.FilterChainProxy$VirtualFilterChain.doFilter(FilterChainProxy.java:331) ~[spring-security-web-4.1.4.RELEASE.jar:4.1.4.RELEASE]
	at org.springframework.security.web.authentication.AnonymousAuthenticationFilter.doFilter(AnonymousAuthenticationFilter.java:111) ~[spring-security-web-4.1.4.RELEASE.jar:4.1.4.RELEASE]
	at org.springframework.security.web.FilterChainProxy$VirtualFilterChain.doFilter(FilterChainProxy.java:331) ~[spring-security-web-4.1.4.RELEASE.jar:4.1.4.RELEASE]
	at org.springframework.security.web.servletapi.SecurityContextHolderAwareRequestFilter.doFilter(SecurityContextHolderAwareRequestFilter.java:169) ~[spring-security-web-4.1.4.RELEASE.jar:4.1.4.RELEASE]
	at org.springframework.security.web.FilterChainProxy$VirtualFilterChain.doFilter(FilterChainProxy.java:331) ~[spring-security-web-4.1.4.RELEASE.jar:4.1.4.RELEASE]
	at org.springframework.security.web.savedrequest.RequestCacheAwareFilter.doFilter(RequestCacheAwareFilter.java:63) ~[spring-security-web-4.1.4.RELEASE.jar:4.1.4.RELEASE]
	at org.springframework.security.web.FilterChainProxy$VirtualFilterChain.doFilter(FilterChainProxy.java:331) ~[spring-security-web-4.1.4.RELEASE.jar:4.1.4.RELEASE]
	at org.springframework.security.oauth2.provider.authentication.OAuth2AuthenticationProcessingFilter.doFilter(OAuth2AuthenticationProcessingFilter.java:176) ~[spring-security-oauth2-2.0.13.RELEASE.jar:na]
	at org.springframework.security.web.FilterChainProxy$VirtualFilterChain.doFilter(FilterChainProxy.java:331) ~[spring-security-web-4.1.4.RELEASE.jar:4.1.4.RELEASE]
	at org.springframework.security.web.authentication.logout.LogoutFilter.doFilter(LogoutFilter.java:121) ~[spring-security-web-4.1.4.RELEASE.jar:4.1.4.RELEASE]
	at org.springframework.security.web.FilterChainProxy$VirtualFilterChain.doFilter(FilterChainProxy.java:331) ~[spring-security-web-4.1.4.RELEASE.jar:4.1.4.RELEASE]
	at org.springframework.web.filter.OncePerRequestFilter.doFilter(OncePerRequestFilter.java:101) ~[spring-web-4.3.7.RELEASE.jar:4.3.7.RELEASE]
	at org.springframework.security.web.FilterChainProxy$VirtualFilterChain.doFilter(FilterChainProxy.java:331) ~[spring-security-web-4.1.4.RELEASE.jar:4.1.4.RELEASE]
	at org.springframework.security.web.context.SecurityContextPersistenceFilter.doFilter(SecurityContextPersistenceFilter.java:105) ~[spring-security-web-4.1.4.RELEASE.jar:4.1.4.RELEASE]
	at org.springframework.security.web.FilterChainProxy$VirtualFilterChain.doFilter(FilterChainProxy.java:331) ~[spring-security-web-4.1.4.RELEASE.jar:4.1.4.RELEASE]
	at org.springframework.web.filter.OncePerRequestFilter.doFilter(OncePerRequestFilter.java:101) ~[spring-web-4.3.7.RELEASE.jar:4.3.7.RELEASE]
	at org.springframework.security.web.FilterChainProxy$VirtualFilterChain.doFilter(FilterChainProxy.java:331) ~[spring-security-web-4.1.4.RELEASE.jar:4.1.4.RELEASE]
	at com.gc.gcweb.auth.JsonToUrlEncodedAuthenticationFilter.doFilter(JsonToUrlEncodedAuthenticationFilter.java:65) ~[classes/:na]
	at org.springframework.security.web.FilterChainProxy$VirtualFilterChain.doFilter(FilterChainProxy.java:331) ~[spring-security-web-4.1.4.RELEASE.jar:4.1.4.RELEASE]
	at com.gc.gcweb.auth.GcCorsFilter.doFilter(GcCorsFilter.java:39) ~[classes/:na]
	at org.springframework.security.web.FilterChainProxy$VirtualFilterChain.doFilter(FilterChainProxy.java:331) ~[spring-security-web-4.1.4.RELEASE.jar:4.1.4.RELEASE]
	at org.springframework.security.web.FilterChainProxy.doFilterInternal(FilterChainProxy.java:214) ~[spring-security-web-4.1.4.RELEASE.jar:4.1.4.RELEASE]
	at org.springframework.security.web.FilterChainProxy.doFilter(FilterChainProxy.java:177) ~[spring-security-web-4.1.4.RELEASE.jar:4.1.4.RELEASE]
	at org.springframework.web.filter.DelegatingFilterProxy.invokeDelegate(DelegatingFilterProxy.java:346) ~[spring-web-4.3.7.RELEASE.jar:4.3.7.RELEASE]
	at org.springframework.web.filter.DelegatingFilterProxy.doFilter(DelegatingFilterProxy.java:262) ~[spring-web-4.3.7.RELEASE.jar:4.3.7.RELEASE]
	at org.eclipse.jetty.servlet.ServletHandler$CachedChain.doFilter(ServletHandler.java:1759) ~[jetty-servlet-9.3.16.v20170120.jar:9.3.16.v20170120]
	at org.springframework.web.filter.OncePerRequestFilter.doFilter(OncePerRequestFilter.java:101) ~[spring-web-4.3.7.RELEASE.jar:4.3.7.RELEASE]
	at org.eclipse.jetty.servlet.ServletHandler$CachedChain.doFilter(ServletHandler.java:1759) ~[jetty-servlet-9.3.16.v20170120.jar:9.3.16.v20170120]
	at org.springframework.boot.actuate.autoconfigure.MetricsFilter.doFilterInternal(MetricsFilter.java:106) ~[spring-boot-actuator-1.4.5.RELEASE.jar:1.4.5.RELEASE]
	at org.springframework.web.filter.OncePerRequestFilter.doFilter(OncePerRequestFilter.java:107) ~[spring-web-4.3.7.RELEASE.jar:4.3.7.RELEASE]
	at org.eclipse.jetty.servlet.ServletHandler$CachedChain.doFilter(ServletHandler.java:1759) ~[jetty-servlet-9.3.16.v20170120.jar:9.3.16.v20170120]
	at com.gc.gcweb.auth.GcCorsFilter.doFilter(GcCorsFilter.java:39) ~[classes/:na]
	at org.eclipse.jetty.servlet.ServletHandler$CachedChain.doFilter(ServletHandler.java:1759) ~[jetty-servlet-9.3.16.v20170120.jar:9.3.16.v20170120]
	at org.eclipse.jetty.servlet.ServletHandler.doHandle(ServletHandler.java:582) [jetty-servlet-9.3.16.v20170120.jar:9.3.16.v20170120]
	at org.eclipse.jetty.server.handler.ScopedHandler.handle(ScopedHandler.java:143) [jetty-server-9.3.16.v20170120.jar:9.3.16.v20170120]
	at org.eclipse.jetty.security.SecurityHandler.handle(SecurityHandler.java:548) [jetty-security-9.3.16.v20170120.jar:9.3.16.v20170120]
	at org.eclipse.jetty.server.session.SessionHandler.doHandle(SessionHandler.java:226) [jetty-server-9.3.16.v20170120.jar:9.3.16.v20170120]
	at org.eclipse.jetty.server.handler.ContextHandler.doHandle(ContextHandler.java:1180) [jetty-server-9.3.16.v20170120.jar:9.3.16.v20170120]
	at org.eclipse.jetty.servlet.ServletHandler.doScope(ServletHandler.java:512) [jetty-servlet-9.3.16.v20170120.jar:9.3.16.v20170120]
	at org.eclipse.jetty.server.session.SessionHandler.doScope(SessionHandler.java:185) [jetty-server-9.3.16.v20170120.jar:9.3.16.v20170120]
	at org.eclipse.jetty.server.handler.ContextHandler.doScope(ContextHandler.java:1112) [jetty-server-9.3.16.v20170120.jar:9.3.16.v20170120]
	at org.eclipse.jetty.server.handler.ScopedHandler.handle(ScopedHandler.java:141) [jetty-server-9.3.16.v20170120.jar:9.3.16.v20170120]
	at org.eclipse.jetty.server.handler.gzip.GzipHandler.handle(GzipHandler.java:404) [jetty-server-9.3.16.v20170120.jar:9.3.16.v20170120]
	at org.eclipse.jetty.server.handler.HandlerWrapper.handle(HandlerWrapper.java:134) [jetty-server-9.3.16.v20170120.jar:9.3.16.v20170120]
	at org.eclipse.jetty.server.Server.handleAsync(Server.java:579) [jetty-server-9.3.16.v20170120.jar:9.3.16.v20170120]
	at org.eclipse.jetty.server.HttpChannel.handle(HttpChannel.java:337) [jetty-server-9.3.16.v20170120.jar:9.3.16.v20170120]
	at org.eclipse.jetty.server.HttpChannel.run(HttpChannel.java:267) [jetty-server-9.3.16.v20170120.jar:9.3.16.v20170120]
	at org.eclipse.jetty.util.thread.QueuedThreadPool.runJob(QueuedThreadPool.java:671) [jetty-util-9.3.16.v20170120.jar:9.3.16.v20170120]
	at org.eclipse.jetty.util.thread.QueuedThreadPool$2.run(QueuedThreadPool.java:589) [jetty-util-9.3.16.v20170120.jar:9.3.16.v20170120]
	at java.lang.Thread.run(Thread.java:745) [na:1.8.0_121]
Caused by: java.util.concurrent.CompletionException: Failed to execute phase [dfs], all shards failed; shardFailures {[Ibxn96bqSeqR5SootWKtmw][product_index][0]: RemoteTransportException[[Wendigo][local[1]][indices:data/read/search[phase/dfs]]]; nested: SearchParseException[failed to parse search source [{"from":0,"size":24,"query":{"bool":{"must":[{"query_string":{"query":"**","fields":["productDetail.description"],"analyze_wildcard":true}},{"query_string":{"query":"5","fields":["categoryId"],"default_operator":"and"}}]}},"sort":[{"productDetail.description":{"order":"asc"}},{"productDetail.description":{"order":"asc"}}]}]]; nested: SearchParseException[No mapping found for [productDetail.description] in order to sort on]; }{[Ibxn96bqSeqR5SootWKtmw][product_index][1]: RemoteTransportException[[Wendigo][local[1]][indices:data/read/search[phase/dfs]]]; nested: SearchParseException[failed to parse search source [{"from":0,"size":24,"query":{"bool":{"must":[{"query_string":{"query":"**","fields":["productDetail.description"],"analyze_wildcard":true}},{"query_string":{"query":"5","fields":["categoryId"],"default_operator":"and"}}]}},"sort":[{"productDetail.description":{"order":"asc"}},{"productDetail.description":{"order":"asc"}}]}]]; nested: SearchParseException[No mapping found for [productDetail.description] in order to sort on]; }{[Ibxn96bqSeqR5SootWKtmw][product_index][2]: RemoteTransportException[[Wendigo][local[1]][indices:data/read/search[phase/dfs]]]; nested: SearchParseException[failed to parse search source [{"from":0,"size":24,"query":{"bool":{"must":[{"query_string":{"query":"**","fields":["productDetail.description"],"analyze_wildcard":true}},{"query_string":{"query":"5","fields":["categoryId"],"default_operator":"and"}}]}},"sort":[{"productDetail.description":{"order":"asc"}},{"productDetail.description":{"order":"asc"}}]}]]; nested: SearchParseException[No mapping found for [productDetail.description] in order to sort on]; }{[Ibxn96bqSeqR5SootWKtmw][product_index][3]: RemoteTransportException[[Wendigo][local[1]][indices:data/read/search[phase/dfs]]]; nested: SearchParseException[failed to parse search source [{"from":0,"size":24,"query":{"bool":{"must":[{"query_string":{"query":"**","fields":["productDetail.description"],"analyze_wildcard":true}},{"query_string":{"query":"5","fields":["categoryId"],"default_operator":"and"}}]}},"sort":[{"productDetail.description":{"order":"asc"}},{"productDetail.description":{"order":"asc"}}]}]]; nested: SearchParseException[No mapping found for [productDetail.description] in order to sort on]; }{[Ibxn96bqSeqR5SootWKtmw][product_index][4]: RemoteTransportException[[Wendigo][local[1]][indices:data/read/search[phase/dfs]]]; nested: SearchParseException[failed to parse search source [{"from":0,"size":24,"query":{"bool":{"must":[{"query_string":{"query":"**","fields":["productDetail.description"],"analyze_wildcard":true}},{"query_string":{"query":"5","fields":["categoryId"],"default_operator":"and"}}]}},"sort":[{"productDetail.description":{"order":"asc"}},{"productDetail.description":{"order":"asc"}}]}]]; nested: SearchParseException[No mapping found for [productDetail.description] in order to sort on]; }
	at org.springframework.aop.interceptor.AsyncExecutionAspectSupport$CompletableFutureDelegate$1.get(AsyncExecutionAspectSupport.java:324) ~[spring-aop-4.3.7.RELEASE.jar:4.3.7.RELEASE]
	at java.util.concurrent.CompletableFuture$AsyncSupply.run(CompletableFuture.java:1590) ~[na:1.8.0_121]
	at java.util.concurrent.ThreadPoolExecutor.runWorker(ThreadPoolExecutor.java:1142) ~[na:1.8.0_121]
	at java.util.concurrent.ThreadPoolExecutor$Worker.run(ThreadPoolExecutor.java:617) ~[na:1.8.0_121]
	... 1 common frames omitted
Caused by: org.elasticsearch.action.search.SearchPhaseExecutionException: all shards failed
	at org.elasticsearch.action.search.AbstractSearchAsyncAction.onFirstPhaseResult(AbstractSearchAsyncAction.java:206) ~[elasticsearch-2.4.4.jar:2.4.4]
	at org.elasticsearch.action.search.AbstractSearchAsyncAction$1.onFailure(AbstractSearchAsyncAction.java:152) ~[elasticsearch-2.4.4.jar:2.4.4]
	at org.elasticsearch.action.ActionListenerResponseHandler.handleException(ActionListenerResponseHandler.java:46) ~[elasticsearch-2.4.4.jar:2.4.4]
	at org.elasticsearch.transport.TransportService$DirectResponseChannel.processException(TransportService.java:874) ~[elasticsearch-2.4.4.jar:2.4.4]
	at org.elasticsearch.transport.TransportService$DirectResponseChannel.sendResponse(TransportService.java:852) ~[elasticsearch-2.4.4.jar:2.4.4]
	at org.elasticsearch.transport.TransportService$4.onFailure(TransportService.java:389) ~[elasticsearch-2.4.4.jar:2.4.4]
	at org.elasticsearch.common.util.concurrent.AbstractRunnable.run(AbstractRunnable.java:39) ~[elasticsearch-2.4.4.jar:2.4.4]
	... 3 common frames omitted
Caused by: org.elasticsearch.search.SearchParseException: No mapping found for [productDetail.description] in order to sort on
	at org.elasticsearch.search.sort.SortParseElement.addSortField(SortParseElement.java:213) ~[elasticsearch-2.4.4.jar:2.4.4]
	at org.elasticsearch.search.sort.SortParseElement.addCompoundSortField(SortParseElement.java:187) ~[elasticsearch-2.4.4.jar:2.4.4]
	at org.elasticsearch.search.sort.SortParseElement.parse(SortParseElement.java:85) ~[elasticsearch-2.4.4.jar:2.4.4]
	at org.elasticsearch.search.SearchService.parseSource(SearchService.java:856) ~[elasticsearch-2.4.4.jar:2.4.4]
	at org.elasticsearch.search.SearchService.createContext(SearchService.java:667) ~[elasticsearch-2.4.4.jar:2.4.4]
	at org.elasticsearch.search.SearchService.createAndPutContext(SearchService.java:633) ~[elasticsearch-2.4.4.jar:2.4.4]
	at org.elasticsearch.search.SearchService.executeDfsPhase(SearchService.java:264) ~[elasticsearch-2.4.4.jar:2.4.4]
	at org.elasticsearch.search.action.SearchServiceTransportAction$SearchDfsTransportHandler.messageReceived(SearchServiceTransportAction.java:360) ~[elasticsearch-2.4.4.jar:2.4.4]
	at org.elasticsearch.search.action.SearchServiceTransportAction$SearchDfsTransportHandler.messageReceived(SearchServiceTransportAction.java:357) ~[elasticsearch-2.4.4.jar:2.4.4]
	at org.elasticsearch.transport.TransportRequestHandler.messageReceived(TransportRequestHandler.java:33) ~[elasticsearch-2.4.4.jar:2.4.4]
	at org.elasticsearch.transport.RequestHandlerRegistry.processMessageReceived(RequestHandlerRegistry.java:77) ~[elasticsearch-2.4.4.jar:2.4.4]
	at org.elasticsearch.transport.TransportService$4.doRun(TransportService.java:378) ~[elasticsearch-2.4.4.jar:2.4.4]
	at org.elasticsearch.common.util.concurrent.AbstractRunnable.run(AbstractRunnable.java:37) ~[elasticsearch-2.4.4.jar:2.4.4]
	... 3 common frames omitted

2017-03-21 01:02:03.957  INFO 17181 --- [Thread-17] ationConfigEmbeddedWebApplicationContext : Closing org.springframework.boot.context.embedded.AnnotationConfigEmbeddedWebApplicationContext@487f0a99: startup date [Tue Mar 21 01:00:51 BRT 2017]; root of context hierarchy
2017-03-21 01:02:03.963  INFO 17181 --- [Thread-17] o.s.c.support.DefaultLifecycleProcessor  : Stopping beans in phase 0
2017-03-21 01:02:03.978  INFO 17181 --- [Thread-17] o.s.j.e.a.AnnotationMBeanExporter        : Unregistering JMX-exposed beans on shutdown
2017-03-21 01:02:03.982  INFO 17181 --- [Thread-17] s.b.a.d.e.ElasticsearchAutoConfiguration : Closing Elasticsearch client
2017-03-21 01:02:03.983  INFO 17181 --- [Thread-17] org.elasticsearch.node                   : [Wendigo] stopping ...
2017-03-21 01:02:04.022  INFO 17181 --- [Thread-17] org.elasticsearch.node                   : [Wendigo] stopped
2017-03-21 01:02:04.024  INFO 17181 --- [Thread-17] org.elasticsearch.node                   : [Wendigo] closing ...
2017-03-21 01:02:04.032  INFO 17181 --- [Thread-17] org.elasticsearch.node                   : [Wendigo] closed
2017-03-21 01:02:04.042  INFO 17181 --- [Thread-17] j.LocalContainerEntityManagerFactoryBean : Closing JPA EntityManagerFactory for persistence unit 'default'
2017-03-21 01:02:04.043  INFO 17181 --- [Thread-17] org.hibernate.tool.hbm2ddl.SchemaExport  : HHH000227: Running hbm2ddl schema export
2017-03-21 01:02:04.080  INFO 17181 --- [Thread-17] org.hibernate.tool.hbm2ddl.SchemaExport  : HHH000230: Schema export complete
2017-03-21 01:02:04.091  INFO 17181 --- [Thread-17] o.e.jetty.server.AbstractConnector       : Stopped ServerConnector@119abd10{HTTP/1.1,[http/1.1]}{0.0.0.0:8080}
2017-03-21 01:02:04.095  INFO 17181 --- [Thread-17] application                              : Destroying Spring FrameworkServlet 'dispatcherServlet'
2017-03-21 01:02:04.096  INFO 17181 --- [Thread-17] o.e.jetty.server.handler.ContextHandler  : Stopped o.s.b.c.e.j.JettyEmbeddedWebAppContext@39a44dcd{/,[file:///tmp/jetty-docbase.8892291255673425365.8080/],UNAVAILABLE}
